<?xml version="1.0" encoding="UTF-8"?>
<coverage generated="1780280900818" clover="3.2.0">
  <project timestamp="1780280900818" name="All files">
    <metrics statements="248" coveredstatements="244" conditionals="106" coveredconditionals="96" methods="95" coveredmethods="93" elements="449" coveredelements="433" complexity="0" loc="248" ncloc="248" packages="2" files="14" classes="14"/>
    <package name="engine">
      <metrics statements="91" coveredstatements="90" conditionals="54" coveredconditionals="51" methods="32" coveredmethods="32"/>
      <file name="bot-ai.ts" path="C:\laragon\www\3d-web-game-card\src\engine\bot-ai.ts">
        <metrics statements="17" coveredstatements="17" conditionals="17" coveredconditionals="17" methods="5" coveredmethods="5"/>
        <line num="26" count="5230" type="cond" truecount="2" falsecount="0"/>
        <line num="27" count="17" type="stmt"/>
        <line num="32" count="5213" type="cond" truecount="2" falsecount="0"/>
        <line num="33" count="563" type="stmt"/>
        <line num="34" count="1730" type="cond" truecount="4" falsecount="0"/>
        <line num="36" count="563" type="stmt"/>
        <line num="37" count="563" type="stmt"/>
        <line num="45" count="4650" type="stmt"/>
        <line num="47" count="13690" type="cond" truecount="3" falsecount="0"/>
        <line num="52" count="4650" type="cond" truecount="2" falsecount="0"/>
        <line num="53" count="2248" type="stmt"/>
        <line num="54" count="1349" type="cond" truecount="2" falsecount="0"/>
        <line num="56" count="2248" type="stmt"/>
        <line num="64" count="5455" type="stmt"/>
        <line num="65" count="2402" type="cond" truecount="2" falsecount="0"/>
        <line num="66" count="1287" type="stmt"/>
        <line num="74" count="1115" type="stmt"/>
      </file>
      <file name="cards.ts" path="C:\laragon\www\3d-web-game-card\src\engine\cards.ts">
        <metrics statements="9" coveredstatements="8" conditionals="14" coveredconditionals="12" methods="4" coveredmethods="4"/>
        <line num="16" count="27504" type="cond" truecount="2" falsecount="0"/>
        <line num="19" count="23259" type="cond" truecount="2" falsecount="0"/>
        <line num="22" count="22330" type="cond" truecount="3" falsecount="1"/>
        <line num="23" count="22330" type="stmt"/>
        <line num="26" count="0" type="stmt"/>
        <line num="39" count="12729" type="stmt"/>
        <line num="50" count="52" type="cond" truecount="4" falsecount="0"/>
        <line num="51" count="14" type="stmt"/>
        <line num="53" count="38" type="cond" truecount="1" falsecount="1"/>
      </file>
      <file name="deck.ts" path="C:\laragon\www\3d-web-game-card\src\engine\deck.ts">
        <metrics statements="26" coveredstatements="26" conditionals="4" coveredconditionals="3" methods="5" coveredmethods="5"/>
        <line num="21" count="166" type="stmt"/>
        <line num="24" count="166" type="stmt"/>
        <line num="25" count="2158" type="stmt"/>
        <line num="26" count="6474" type="stmt"/>
        <line num="36" count="166" type="stmt"/>
        <line num="37" count="830" type="stmt"/>
        <line num="38" count="2324" type="stmt"/>
        <line num="47" count="166" type="stmt"/>
        <line num="57" count="169" type="stmt"/>
        <line num="58" count="169" type="stmt"/>
        <line num="59" count="8788" type="stmt"/>
        <line num="60" count="8788" type="stmt"/>
        <line num="62" count="169" type="stmt"/>
        <line num="72" count="5711" type="cond" truecount="2" falsecount="0"/>
        <line num="73" count="1" type="stmt"/>
        <line num="75" count="5710" type="stmt"/>
        <line num="76" count="5710" type="stmt"/>
        <line num="92" count="159" type="stmt"/>
        <line num="93" count="636" type="stmt"/>
        <line num="95" count="159" type="stmt"/>
        <line num="96" count="477" type="stmt"/>
        <line num="97" count="1908" type="stmt"/>
        <line num="98" count="1908" type="cond" truecount="1" falsecount="1"/>
        <line num="99" count="1908" type="stmt"/>
        <line num="100" count="1908" type="stmt"/>
        <line num="105" count="159" type="stmt"/>
      </file>
      <file name="game.ts" path="C:\laragon\www\3d-web-game-card\src\engine\game.ts">
        <metrics statements="5" coveredstatements="5" conditionals="0" coveredconditionals="0" methods="2" coveredmethods="2"/>
        <line num="26" count="158" type="stmt"/>
        <line num="29" count="158" type="stmt"/>
        <line num="36" count="158" type="stmt"/>
        <line num="72" count="158" type="stmt"/>
        <line num="90" count="12" type="stmt"/>
      </file>
      <file name="index.ts" path="C:\laragon\www\3d-web-game-card\src\engine\index.ts">
        <metrics statements="0" coveredstatements="0" conditionals="0" coveredconditionals="0" methods="0" coveredmethods="0"/>
      </file>
      <file name="player.ts" path="C:\laragon\www\3d-web-game-card\src\engine\player.ts">
        <metrics statements="8" coveredstatements="8" conditionals="4" coveredconditionals="4" methods="3" coveredmethods="3"/>
        <line num="15" count="3" type="stmt"/>
        <line num="27" count="5" type="stmt"/>
        <line num="45" count="1141" type="cond" truecount="2" falsecount="0"/>
        <line num="46" count="2" type="stmt"/>
        <line num="49" count="1139" type="stmt"/>
        <line num="50" count="1139" type="stmt"/>
        <line num="52" count="1139" type="stmt"/>
        <line num="58" count="1141" type="stmt"/>
      </file>
      <file name="special-cards.ts" path="C:\laragon\www\3d-web-game-card\src\engine\special-cards.ts">
        <metrics statements="7" coveredstatements="7" conditionals="7" coveredconditionals="7" methods="1" coveredmethods="1"/>
        <line num="36" count="1397" type="cond" truecount="5" falsecount="0"/>
        <line num="38" count="295" type="stmt"/>
        <line num="49" count="289" type="stmt"/>
        <line num="57" count="280" type="stmt"/>
        <line num="65" count="183" type="stmt"/>
        <line num="73" count="350" type="stmt"/>
        <line num="74" count="350" type="stmt"/>
      </file>
      <file name="turn.ts" path="C:\laragon\www\3d-web-game-card\src\engine\turn.ts">
        <metrics statements="8" coveredstatements="8" conditionals="0" coveredconditionals="0" methods="4" coveredmethods="4"/>
        <line num="25" count="5431" type="stmt"/>
        <line num="26" count="5431" type="stmt"/>
        <line num="28" count="5431" type="stmt"/>
        <line num="29" count="6010" type="stmt"/>
        <line num="32" count="5431" type="stmt"/>
        <line num="39" count="20" type="stmt"/>
        <line num="48" count="3" type="stmt"/>
        <line num="54" count="3" type="stmt"/>
      </file>
      <file name="win-condition.ts" path="C:\laragon\www\3d-web-game-card\src\engine\win-condition.ts">
        <metrics statements="11" coveredstatements="11" conditionals="8" coveredconditionals="8" methods="8" coveredmethods="8"/>
        <line num="13" count="20914" type="stmt"/>
        <line num="14" count="5229" type="cond" truecount="2" falsecount="0"/>
        <line num="24" count="440" type="stmt"/>
        <line num="25" count="110" type="cond" truecount="2" falsecount="0"/>
        <line num="27" count="108" type="stmt"/>
        <line num="28" count="352" type="cond" truecount="2" falsecount="0"/>
        <line num="29" count="102" type="stmt"/>
        <line num="31" count="108" type="stmt"/>
        <line num="43" count="20880" type="stmt"/>
        <line num="45" count="5220" type="cond" truecount="2" falsecount="0"/>
        <line num="47" count="7136" type="stmt"/>
      </file>
    </package>
    <package name="store">
      <metrics statements="157" coveredstatements="154" conditionals="52" coveredconditionals="45" methods="63" coveredmethods="61"/>
      <file name="animation-slice.ts" path="C:\laragon\www\3d-web-game-card\src\store\animation-slice.ts">
        <metrics statements="12" coveredstatements="12" conditionals="2" coveredconditionals="1" methods="9" coveredmethods="9"/>
        <line num="45" count="25" type="stmt"/>
        <line num="50" count="25" type="stmt"/>
        <line num="60" count="31" type="stmt"/>
        <line num="61" count="31" type="stmt"/>
        <line num="65" count="1" type="stmt"/>
        <line num="66" count="1" type="stmt"/>
        <line num="67" count="1" type="stmt"/>
        <line num="71" count="23" type="stmt"/>
        <line num="72" count="23" type="stmt"/>
        <line num="79" count="4" type="stmt"/>
        <line num="80" count="4" type="stmt"/>
        <line num="81" count="4" type="cond" truecount="1" falsecount="1"/>
      </file>
      <file name="game-slice.ts" path="C:\laragon\www\3d-web-game-card\src\store\game-slice.ts">
        <metrics statements="107" coveredstatements="107" conditionals="38" coveredconditionals="33" methods="23" coveredmethods="23"/>
        <line num="93" count="6520" type="stmt"/>
        <line num="111" count="25" type="stmt"/>
        <line num="116" count="25" type="stmt"/>
        <line num="130" count="121" type="stmt"/>
        <line num="131" count="121" type="stmt"/>
        <line num="132" count="121" type="stmt"/>
        <line num="133" count="121" type="stmt"/>
        <line num="134" count="121" type="stmt"/>
        <line num="135" count="121" type="stmt"/>
        <line num="136" count="121" type="stmt"/>
        <line num="137" count="121" type="stmt"/>
        <line num="138" count="121" type="stmt"/>
        <line num="139" count="121" type="stmt"/>
        <line num="144" count="9" type="stmt"/>
        <line num="145" count="9" type="stmt"/>
        <line num="147" count="9" type="stmt"/>
        <line num="148" count="9" type="stmt"/>
        <line num="149" count="9" type="stmt"/>
        <line num="150" count="9" type="stmt"/>
        <line num="151" count="9" type="stmt"/>
        <line num="152" count="9" type="stmt"/>
        <line num="153" count="9" type="stmt"/>
        <line num="154" count="9" type="stmt"/>
        <line num="157" count="9" type="stmt"/>
        <line num="158" count="9" type="stmt"/>
        <line num="159" count="9" type="stmt"/>
        <line num="160" count="9" type="stmt"/>
        <line num="161" count="9" type="stmt"/>
        <line num="162" count="9" type="stmt"/>
        <line num="165" count="9" type="stmt"/>
        <line num="166" count="9" type="stmt"/>
        <line num="167" count="9" type="stmt"/>
        <line num="168" count="9" type="stmt"/>
        <line num="173" count="4121" type="stmt"/>
        <line num="174" count="4121" type="stmt"/>
        <line num="177" count="4121" type="cond" truecount="4" falsecount="0"/>
        <line num="180" count="7807" type="stmt"/>
        <line num="181" count="4120" type="cond" truecount="2" falsecount="0"/>
        <line num="183" count="4119" type="stmt"/>
        <line num="186" count="4119" type="cond" truecount="2" falsecount="0"/>
        <line num="189" count="4118" type="stmt"/>
        <line num="190" count="4118" type="stmt"/>
        <line num="191" count="4118" type="stmt"/>
        <line num="192" count="4118" type="stmt"/>
        <line num="194" count="4118" type="cond" truecount="4" falsecount="0"/>
        <line num="195" count="1307" type="stmt"/>
        <line num="196" count="1307" type="stmt"/>
        <line num="197" count="1307" type="stmt"/>
        <line num="198" count="1307" type="stmt"/>
        <line num="199" count="1307" type="stmt"/>
        <line num="202" count="1307" type="cond" truecount="2" falsecount="0"/>
        <line num="203" count="287" type="stmt"/>
        <line num="211" count="4118" type="stmt"/>
        <line num="213" count="4118" type="stmt"/>
        <line num="216" count="4118" type="cond" truecount="2" falsecount="0"/>
        <line num="218" count="178" type="stmt"/>
        <line num="220" count="3940" type="stmt"/>
        <line num="224" count="4118" type="stmt"/>
        <line num="227" count="4118" type="stmt"/>
        <line num="230" count="4118" type="cond" truecount="2" falsecount="0"/>
        <line num="231" count="287" type="stmt"/>
        <line num="237" count="1134" type="stmt"/>
        <line num="238" count="1134" type="stmt"/>
        <line num="241" count="1134" type="cond" truecount="3" falsecount="1"/>
        <line num="243" count="1134" type="stmt"/>
        <line num="245" count="1134" type="stmt"/>
        <line num="246" count="1134" type="stmt"/>
        <line num="247" count="1134" type="stmt"/>
        <line num="252" count="4105" type="stmt"/>
        <line num="255" count="4105" type="stmt"/>
        <line num="256" count="4105" type="cond" truecount="1" falsecount="1"/>
        <line num="259" count="4105" type="cond" truecount="2" falsecount="0"/>
        <line num="261" count="3801" type="stmt"/>
        <line num="263" count="3801" type="cond" truecount="1" falsecount="1"/>
        <line num="264" count="3801" type="stmt"/>
        <line num="265" count="3801" type="stmt"/>
        <line num="266" count="3801" type="stmt"/>
        <line num="272" count="5125" type="stmt"/>
        <line num="273" count="5125" type="stmt"/>
        <line num="278" count="5125" type="stmt"/>
        <line num="279" count="5125" type="stmt"/>
        <line num="284" count="3" type="stmt"/>
        <line num="285" count="3" type="stmt"/>
        <line num="286" count="3" type="stmt"/>
        <line num="288" count="3" type="stmt"/>
        <line num="289" count="3" type="stmt"/>
        <line num="290" count="3" type="stmt"/>
        <line num="291" count="3" type="cond" truecount="2" falsecount="0"/>
        <line num="292" count="1" type="stmt"/>
        <line num="298" count="3" type="stmt"/>
        <line num="299" count="3" type="cond" truecount="1" falsecount="1"/>
        <line num="300" count="3" type="stmt"/>
        <line num="301" count="3" type="stmt"/>
        <line num="307" count="5223" type="stmt"/>
        <line num="308" count="5223" type="stmt"/>
        <line num="309" count="5223" type="cond" truecount="2" falsecount="0"/>
        <line num="310" count="14" type="stmt"/>
        <line num="311" count="14" type="stmt"/>
        <line num="312" count="14" type="stmt"/>
        <line num="318" count="5210" type="stmt"/>
        <line num="319" count="5210" type="stmt"/>
        <line num="321" count="5210" type="cond" truecount="2" falsecount="0"/>
        <line num="323" count="101" type="stmt"/>
        <line num="324" count="101" type="cond" truecount="1" falsecount="1"/>
        <line num="325" count="101" type="stmt"/>
        <line num="326" count="101" type="stmt"/>
        <line num="327" count="101" type="stmt"/>
      </file>
      <file name="index.ts" path="C:\laragon\www\3d-web-game-card\src\store\index.ts">
        <metrics statements="2" coveredstatements="2" conditionals="0" coveredconditionals="0" methods="1" coveredmethods="1"/>
        <line num="33" count="25" type="stmt"/>
        <line num="34" count="25" type="stmt"/>
      </file>
      <file name="selectors.ts" path="C:\laragon\www\3d-web-game-card\src\store\selectors.ts">
        <metrics statements="19" coveredstatements="19" conditionals="8" coveredconditionals="8" methods="17" coveredmethods="17"/>
        <line num="13" count="3" type="stmt"/>
        <line num="14" count="4" type="stmt"/>
        <line num="20" count="2" type="stmt"/>
        <line num="22" count="5" type="cond" truecount="2" falsecount="0"/>
        <line num="29" count="62" type="stmt"/>
        <line num="31" count="91" type="stmt"/>
        <line num="32" count="91" type="cond" truecount="2" falsecount="0"/>
        <line num="33" count="42" type="stmt"/>
        <line num="43" count="63" type="stmt"/>
        <line num="45" count="92" type="stmt"/>
        <line num="46" count="92" type="cond" truecount="2" falsecount="0"/>
        <line num="47" count="119" type="stmt"/>
        <line num="56" count="1" type="stmt"/>
        <line num="58" count="4" type="stmt"/>
        <line num="65" count="37" type="stmt"/>
        <line num="66" count="37" type="stmt"/>
        <line num="72" count="2" type="stmt"/>
        <line num="74" count="2" type="stmt"/>
        <line num="75" count="2" type="cond" truecount="2" falsecount="0"/>
      </file>
      <file name="ui-slice.ts" path="C:\laragon\www\3d-web-game-card\src\store\ui-slice.ts">
        <metrics statements="17" coveredstatements="14" conditionals="4" coveredconditionals="3" methods="13" coveredmethods="11"/>
        <line num="48" count="25" type="stmt"/>
        <line num="53" count="25" type="stmt"/>
        <line num="65" count="3" type="stmt"/>
        <line num="66" count="3" type="stmt"/>
        <line num="70" count="3" type="stmt"/>
        <line num="71" count="3" type="stmt"/>
        <line num="75" count="38" type="stmt"/>
        <line num="76" count="38" type="stmt"/>
        <line num="80" count="5" type="stmt"/>
        <line num="81" count="5" type="stmt"/>
        <line num="85" count="5" type="stmt"/>
        <line num="86" count="5" type="stmt"/>
        <line num="88" count="5" type="cond" truecount="2" falsecount="0"/>
        <line num="89" count="3" type="cond" truecount="1" falsecount="1"/>
        <line num="94" count="0" type="stmt"/>
        <line num="95" count="0" type="stmt"/>
        <line num="96" count="0" type="stmt"/>
      </file>
    </package>
  </project>
</coverage>
