{"C:\\laragon\\www\\3d-web-game-card\\src\\engine\\bot-ai.ts": {"path":"C:\\laragon\\www\\3d-web-game-card\\src\\engine\\bot-ai.ts","statementMap":{"0":{"start":{"line":26,"column":2},"end":{"line":28,"column":null}},"1":{"start":{"line":27,"column":4},"end":{"line":27,"column":null}},"2":{"start":{"line":32,"column":2},"end":{"line":42,"column":null}},"3":{"start":{"line":33,"column":19},"end":{"line":35,"column":null}},"4":{"start":{"line":34,"column":10},"end":{"line":34,"column":null}},"5":{"start":{"line":36,"column":21},"end":{"line":36,"column":null}},"6":{"start":{"line":37,"column":4},"end":{"line":41,"column":null}},"7":{"start":{"line":45,"column":27},"end":{"line":50,"column":null}},"8":{"start":{"line":47,"column":6},"end":{"line":49,"column":null}},"9":{"start":{"line":52,"column":2},"end":{"line":61,"column":null}},"10":{"start":{"line":53,"column":26},"end":{"line":55,"column":null}},"11":{"start":{"line":54,"column":6},"end":{"line":54,"column":null}},"12":{"start":{"line":56,"column":4},"end":{"line":60,"column":null}},"13":{"start":{"line":64,"column":22},"end":{"line":64,"column":null}},"14":{"start":{"line":64,"column":42},"end":{"line":64,"column":72}},"15":{"start":{"line":65,"column":2},"end":{"line":71,"column":null}},"16":{"start":{"line":66,"column":4},"end":{"line":70,"column":null}},"17":{"start":{"line":74,"column":2},"end":{"line":77,"column":null}}},"fnMap":{"0":{"name":"decideBotPlay","decl":{"start":{"line":21,"column":16},"end":{"line":21,"column":null}},"loc":{"start":{"line":24,"column":15},"end":{"line":78,"column":null}},"line":24},"1":{"name":"(anonymous_1)","decl":{"start":{"line":33,"column":29},"end":{"line":33,"column":null}},"loc":{"start":{"line":34,"column":10},"end":{"line":34,"column":null}},"line":34},"2":{"name":"(anonymous_2)","decl":{"start":{"line":45,"column":32},"end":{"line":45,"column":null}},"loc":{"start":{"line":47,"column":6},"end":{"line":49,"column":null}},"line":47},"3":{"name":"(anonymous_3)","decl":{"start":{"line":53,"column":43},"end":{"line":53,"column":51}},"loc":{"start":{"line":54,"column":6},"end":{"line":54,"column":null}},"line":54},"4":{"name":"(anonymous_4)","decl":{"start":{"line":64,"column":27},"end":{"line":64,"column":33}},"loc":{"start":{"line":64,"column":42},"end":{"line":64,"column":72}},"line":64}},"branchMap":{"0":{"loc":{"start":{"line":26,"column":2},"end":{"line":28,"column":null}},"type":"if","locations":[{"start":{"line":26,"column":2},"end":{"line":28,"column":null}},{"start":{},"end":{}}],"line":26},"1":{"loc":{"start":{"line":32,"column":2},"end":{"line":42,"column":null}},"type":"if","locations":[{"start":{"line":32,"column":2},"end":{"line":42,"column":null}},{"start":{},"end":{}}],"line":32},"2":{"loc":{"start":{"line":34,"column":17},"end":{"line":34,"column":35}},"type":"binary-expr","locations":[{"start":{"line":34,"column":17},"end":{"line":34,"column":28}},{"start":{"line":34,"column":28},"end":{"line":34,"column":35}}],"line":34},"3":{"loc":{"start":{"line":34,"column":35},"end":{"line":34,"column":null}},"type":"binary-expr","locations":[{"start":{"line":34,"column":35},"end":{"line":34,"column":46}},{"start":{"line":34,"column":46},"end":{"line":34,"column":null}}],"line":34},"4":{"loc":{"start":{"line":47,"column":6},"end":{"line":49,"column":null}},"type":"binary-expr","locations":[{"start":{"line":47,"column":6},"end":{"line":47,"column":null}},{"start":{"line":48,"column":6},"end":{"line":48,"column":null}},{"start":{"line":48,"column":21},"end":{"line":49,"column":null}}],"line":47},"5":{"loc":{"start":{"line":52,"column":2},"end":{"line":61,"column":null}},"type":"if","locations":[{"start":{"line":52,"column":2},"end":{"line":61,"column":null}},{"start":{},"end":{}}],"line":52},"6":{"loc":{"start":{"line":54,"column":6},"end":{"line":54,"column":null}},"type":"cond-expr","locations":[{"start":{"line":54,"column":33},"end":{"line":54,"column":40}},{"start":{"line":54,"column":40},"end":{"line":54,"column":null}}],"line":54},"7":{"loc":{"start":{"line":65,"column":2},"end":{"line":71,"column":null}},"type":"if","locations":[{"start":{"line":65,"column":2},"end":{"line":71,"column":null}},{"start":{},"end":{}}],"line":65}},"s":{"0":5230,"1":17,"2":5213,"3":563,"4":1730,"5":563,"6":563,"7":4650,"8":13690,"9":4650,"10":2248,"11":1349,"12":2248,"13":2402,"14":5455,"15":2402,"16":1287,"17":1115},"f":{"0":5230,"1":1730,"2":13690,"3":1349,"4":5455},"b":{"0":[17,5213],"1":[563,4650],"2":[1730,285],"3":[1730,409],"4":[13690,10525,10525],"5":[2248,2402],"6":[495,854],"7":[1287,1115]},"meta":{"lastBranch":8,"lastFunction":5,"lastStatement":18,"seen":{"f:21:16:21:Infinity":0,"b:26:2:28:Infinity:undefined:undefined:undefined:undefined":0,"s:26:2:28:Infinity":0,"s:27:4:27:Infinity":1,"b:32:2:42:Infinity:undefined:undefined:undefined:undefined":1,"s:32:2:42:Infinity":2,"s:33:19:35:Infinity":3,"f:33:29:33:Infinity":1,"s:34:10:34:Infinity":4,"b:34:17:34:28:34:28:34:35":2,"b:34:35:34:46:34:46:34:Infinity":3,"s:36:21:36:Infinity":5,"s:37:4:41:Infinity":6,"s:45:27:50:Infinity":7,"f:45:32:45:Infinity":2,"s:47:6:49:Infinity":8,"b:47:6:47:Infinity:48:6:48:Infinity:48:21:49:Infinity":4,"b:52:2:61:Infinity:undefined:undefined:undefined:undefined":5,"s:52:2:61:Infinity":9,"s:53:26:55:Infinity":10,"f:53:43:53:51":3,"s:54:6:54:Infinity":11,"b:54:33:54:40:54:40:54:Infinity":6,"s:56:4:60:Infinity":12,"s:64:22:64:Infinity":13,"f:64:27:64:33":4,"s:64:42:64:72":14,"b:65:2:71:Infinity:undefined:undefined:undefined:undefined":7,"s:65:2:71:Infinity":15,"s:66:4:70:Infinity":16,"s:74:2:77:Infinity":17}}}
,"C:\\laragon\\www\\3d-web-game-card\\src\\engine\\cards.ts": {"path":"C:\\laragon\\www\\3d-web-game-card\\src\\engine\\cards.ts","statementMap":{"0":{"start":{"line":16,"column":2},"end":{"line":16,"column":null}},"1":{"start":{"line":16,"column":38},"end":{"line":16,"column":null}},"2":{"start":{"line":19,"column":2},"end":{"line":19,"column":null}},"3":{"start":{"line":19,"column":26},"end":{"line":19,"column":null}},"4":{"start":{"line":22,"column":2},"end":{"line":24,"column":null}},"5":{"start":{"line":23,"column":4},"end":{"line":23,"column":null}},"6":{"start":{"line":26,"column":2},"end":{"line":26,"column":null}},"7":{"start":{"line":39,"column":2},"end":{"line":39,"column":null}},"8":{"start":{"line":39,"column":29},"end":{"line":39,"column":60}},"9":{"start":{"line":50,"column":2},"end":{"line":52,"column":null}},"10":{"start":{"line":51,"column":4},"end":{"line":51,"column":null}},"11":{"start":{"line":53,"column":2},"end":{"line":53,"column":null}}},"fnMap":{"0":{"name":"isCardPlayable","decl":{"start":{"line":14,"column":16},"end":{"line":14,"column":31}},"loc":{"start":{"line":14,"column":78},"end":{"line":27,"column":null}},"line":14},"1":{"name":"hasPlayableCard","decl":{"start":{"line":35,"column":16},"end":{"line":35,"column":null}},"loc":{"start":{"line":38,"column":11},"end":{"line":40,"column":null}},"line":38},"2":{"name":"(anonymous_2)","decl":{"start":{"line":39,"column":14},"end":{"line":39,"column":20}},"loc":{"start":{"line":39,"column":29},"end":{"line":39,"column":60}},"line":39},"3":{"name":"getCardDisplayValue","decl":{"start":{"line":49,"column":16},"end":{"line":49,"column":36}},"loc":{"start":{"line":49,"column":56},"end":{"line":54,"column":null}},"line":49}},"branchMap":{"0":{"loc":{"start":{"line":16,"column":2},"end":{"line":16,"column":null}},"type":"if","locations":[{"start":{"line":16,"column":2},"end":{"line":16,"column":null}},{"start":{},"end":{}}],"line":16},"1":{"loc":{"start":{"line":19,"column":2},"end":{"line":19,"column":null}},"type":"if","locations":[{"start":{"line":19,"column":2},"end":{"line":19,"column":null}},{"start":{},"end":{}}],"line":19},"2":{"loc":{"start":{"line":22,"column":2},"end":{"line":24,"column":null}},"type":"if","locations":[{"start":{"line":22,"column":2},"end":{"line":24,"column":null}},{"start":{},"end":{}}],"line":22},"3":{"loc":{"start":{"line":22,"column":6},"end":{"line":22,"column":60}},"type":"binary-expr","locations":[{"start":{"line":22,"column":6},"end":{"line":22,"column":39}},{"start":{"line":22,"column":39},"end":{"line":22,"column":60}}],"line":22},"4":{"loc":{"start":{"line":50,"column":2},"end":{"line":52,"column":null}},"type":"if","locations":[{"start":{"line":50,"column":2},"end":{"line":52,"column":null}},{"start":{},"end":{}}],"line":50},"5":{"loc":{"start":{"line":50,"column":6},"end":{"line":50,"column":53}},"type":"binary-expr","locations":[{"start":{"line":50,"column":6},"end":{"line":50,"column":40}},{"start":{"line":50,"column":40},"end":{"line":50,"column":53}}],"line":50},"6":{"loc":{"start":{"line":53,"column":9},"end":{"line":53,"column":null}},"type":"binary-expr","locations":[{"start":{"line":53,"column":9},"end":{"line":53,"column":35}},{"start":{"line":53,"column":35},"end":{"line":53,"column":null}}],"line":53}},"s":{"0":27504,"1":4245,"2":23259,"3":929,"4":22330,"5":22330,"6":0,"7":7141,"8":12729,"9":52,"10":14,"11":38},"f":{"0":27504,"1":7141,"2":12729,"3":52},"b":{"0":[4245,23259],"1":[929,22330],"2":[22330,0],"3":[22330,22330],"4":[14,38],"5":[52,14],"6":[38,0]},"meta":{"lastBranch":7,"lastFunction":4,"lastStatement":12,"seen":{"f:14:16:14:31":0,"b:16:2:16:Infinity:undefined:undefined:undefined:undefined":0,"s:16:2:16:Infinity":0,"s:16:38:16:Infinity":1,"b:19:2:19:Infinity:undefined:undefined:undefined:undefined":1,"s:19:2:19:Infinity":2,"s:19:26:19:Infinity":3,"b:22:2:24:Infinity:undefined:undefined:undefined:undefined":2,"s:22:2:24:Infinity":4,"b:22:6:22:39:22:39:22:60":3,"s:23:4:23:Infinity":5,"s:26:2:26:Infinity":6,"f:35:16:35:Infinity":1,"s:39:2:39:Infinity":7,"f:39:14:39:20":2,"s:39:29:39:60":8,"f:49:16:49:36":3,"b:50:2:52:Infinity:undefined:undefined:undefined:undefined":4,"s:50:2:52:Infinity":9,"b:50:6:50:40:50:40:50:53":5,"s:51:4:51:Infinity":10,"s:53:2:53:Infinity":11,"b:53:9:53:35:53:35:53:Infinity":6}}}
,"C:\\laragon\\www\\3d-web-game-card\\src\\engine\\deck.ts": {"path":"C:\\laragon\\www\\3d-web-game-card\\src\\engine\\deck.ts","statementMap":{"0":{"start":{"line":21,"column":23},"end":{"line":21,"column":null}},"1":{"start":{"line":24,"column":2},"end":{"line":33,"column":null}},"2":{"start":{"line":24,"column":19},"end":{"line":24,"column":36}},"3":{"start":{"line":25,"column":4},"end":{"line":32,"column":null}},"4":{"start":{"line":25,"column":20},"end":{"line":25,"column":23}},"5":{"start":{"line":26,"column":6},"end":{"line":31,"column":null}},"6":{"start":{"line":36,"column":2},"end":{"line":45,"column":null}},"7":{"start":{"line":37,"column":4},"end":{"line":44,"column":null}},"8":{"start":{"line":37,"column":20},"end":{"line":37,"column":23}},"9":{"start":{"line":38,"column":6},"end":{"line":43,"column":null}},"10":{"start":{"line":47,"column":2},"end":{"line":47,"column":null}},"11":{"start":{"line":57,"column":19},"end":{"line":57,"column":null}},"12":{"start":{"line":58,"column":2},"end":{"line":61,"column":null}},"13":{"start":{"line":58,"column":15},"end":{"line":58,"column":36}},"14":{"start":{"line":59,"column":10},"end":{"line":59,"column":null}},"15":{"start":{"line":60,"column":4},"end":{"line":60,"column":null}},"16":{"start":{"line":62,"column":2},"end":{"line":62,"column":null}},"17":{"start":{"line":72,"column":2},"end":{"line":74,"column":null}},"18":{"start":{"line":73,"column":4},"end":{"line":73,"column":null}},"19":{"start":{"line":75,"column":31},"end":{"line":75,"column":null}},"20":{"start":{"line":76,"column":2},"end":{"line":76,"column":null}},"21":{"start":{"line":92,"column":18},"end":{"line":92,"column":null}},"22":{"start":{"line":93,"column":26},"end":{"line":93,"column":null}},"23":{"start":{"line":93,"column":68},"end":{"line":93,"column":70}},"24":{"start":{"line":95,"column":2},"end":{"line":103,"column":null}},"25":{"start":{"line":95,"column":21},"end":{"line":95,"column":24}},"26":{"start":{"line":96,"column":4},"end":{"line":102,"column":null}},"27":{"start":{"line":96,"column":25},"end":{"line":96,"column":28}},"28":{"start":{"line":97,"column":21},"end":{"line":97,"column":null}},"29":{"start":{"line":98,"column":6},"end":{"line":101,"column":null}},"30":{"start":{"line":99,"column":8},"end":{"line":99,"column":null}},"31":{"start":{"line":100,"column":8},"end":{"line":100,"column":null}},"32":{"start":{"line":105,"column":2},"end":{"line":105,"column":null}}},"fnMap":{"0":{"name":"createDeck","decl":{"start":{"line":20,"column":16},"end":{"line":20,"column":37}},"loc":{"start":{"line":20,"column":37},"end":{"line":48,"column":null}},"line":20},"1":{"name":"shuffleDeck","decl":{"start":{"line":56,"column":16},"end":{"line":56,"column":28}},"loc":{"start":{"line":56,"column":50},"end":{"line":63,"column":null}},"line":56},"2":{"name":"drawCard","decl":{"start":{"line":71,"column":16},"end":{"line":71,"column":25}},"loc":{"start":{"line":71,"column":76},"end":{"line":77,"column":null}},"line":71},"3":{"name":"dealCards","decl":{"start":{"line":87,"column":16},"end":{"line":87,"column":null}},"loc":{"start":{"line":91,"column":37},"end":{"line":106,"column":null}},"line":91},"4":{"name":"(anonymous_4)","decl":{"start":{"line":93,"column":59},"end":{"line":93,"column":68}},"loc":{"start":{"line":93,"column":68},"end":{"line":93,"column":70}},"line":93}},"branchMap":{"0":{"loc":{"start":{"line":72,"column":2},"end":{"line":74,"column":null}},"type":"if","locations":[{"start":{"line":72,"column":2},"end":{"line":74,"column":null}},{"start":{},"end":{}}],"line":72},"1":{"loc":{"start":{"line":98,"column":6},"end":{"line":101,"column":null}},"type":"if","locations":[{"start":{"line":98,"column":6},"end":{"line":101,"column":null}},{"start":{},"end":{}}],"line":98}},"s":{"0":166,"1":166,"2":166,"3":2158,"4":2158,"5":6474,"6":166,"7":830,"8":830,"9":2324,"10":166,"11":169,"12":169,"13":169,"14":8788,"15":8788,"16":169,"17":5711,"18":1,"19":5710,"20":5710,"21":159,"22":159,"23":636,"24":159,"25":159,"26":477,"27":477,"28":1908,"29":1908,"30":1908,"31":1908,"32":159},"f":{"0":166,"1":169,"2":5711,"3":159,"4":636},"b":{"0":[1,5710],"1":[1908,0]},"meta":{"lastBranch":2,"lastFunction":5,"lastStatement":33,"seen":{"f:20:16:20:37":0,"s:21:23:21:Infinity":0,"s:24:2:33:Infinity":1,"s:24:19:24:36":2,"s:25:4:32:Infinity":3,"s:25:20:25:23":4,"s:26:6:31:Infinity":5,"s:36:2:45:Infinity":6,"s:37:4:44:Infinity":7,"s:37:20:37:23":8,"s:38:6:43:Infinity":9,"s:47:2:47:Infinity":10,"f:56:16:56:28":1,"s:57:19:57:Infinity":11,"s:58:2:61:Infinity":12,"s:58:15:58:36":13,"s:59:10:59:Infinity":14,"s:60:4:60:Infinity":15,"s:62:2:62:Infinity":16,"f:71:16:71:25":2,"b:72:2:74:Infinity:undefined:undefined:undefined:undefined":0,"s:72:2:74:Infinity":17,"s:73:4:73:Infinity":18,"s:75:31:75:Infinity":19,"s:76:2:76:Infinity":20,"f:87:16:87:Infinity":3,"s:92:18:92:Infinity":21,"s:93:26:93:Infinity":22,"f:93:59:93:68":4,"s:93:68:93:70":23,"s:95:2:103:Infinity":24,"s:95:21:95:24":25,"s:96:4:102:Infinity":26,"s:96:25:96:28":27,"s:97:21:97:Infinity":28,"b:98:6:101:Infinity:undefined:undefined:undefined:undefined":1,"s:98:6:101:Infinity":29,"s:99:8:99:Infinity":30,"s:100:8:100:Infinity":31,"s:105:2:105:Infinity":32}}}
,"C:\\laragon\\www\\3d-web-game-card\\src\\engine\\game.ts": {"path":"C:\\laragon\\www\\3d-web-game-card\\src\\engine\\game.ts","statementMap":{"0":{"start":{"line":26,"column":8},"end":{"line":26,"column":null}},"1":{"start":{"line":29,"column":23},"end":{"line":33,"column":null}},"2":{"start":{"line":36,"column":18},"end":{"line":69,"column":null}},"3":{"start":{"line":72,"column":2},"end":{"line":81,"column":null}},"4":{"start":{"line":90,"column":2},"end":{"line":90,"column":null}}},"fnMap":{"0":{"name":"initGame","decl":{"start":{"line":24,"column":16},"end":{"line":24,"column":38}},"loc":{"start":{"line":24,"column":38},"end":{"line":82,"column":null}},"line":24},"1":{"name":"resetGame","decl":{"start":{"line":89,"column":16},"end":{"line":89,"column":39}},"loc":{"start":{"line":89,"column":39},"end":{"line":91,"column":null}},"line":89}},"branchMap":{},"s":{"0":158,"1":158,"2":158,"3":158,"4":12},"f":{"0":158,"1":12},"b":{},"meta":{"lastBranch":0,"lastFunction":2,"lastStatement":5,"seen":{"f:24:16:24:38":0,"s:26:8:26:Infinity":0,"s:29:23:33:Infinity":1,"s:36:18:69:Infinity":2,"s:72:2:81:Infinity":3,"f:89:16:89:39":1,"s:90:2:90:Infinity":4}}}
,"C:\\laragon\\www\\3d-web-game-card\\src\\engine\\index.ts": {"path":"C:\\laragon\\www\\3d-web-game-card\\src\\engine\\index.ts","statementMap":{},"fnMap":{},"branchMap":{},"s":{},"f":{},"b":{},"meta":{"lastBranch":0,"lastFunction":0,"lastStatement":0,"seen":{}}}
,"C:\\laragon\\www\\3d-web-game-card\\src\\engine\\player.ts": {"path":"C:\\laragon\\www\\3d-web-game-card\\src\\engine\\player.ts","statementMap":{"0":{"start":{"line":15,"column":2},"end":{"line":19,"column":null}},"1":{"start":{"line":27,"column":2},"end":{"line":27,"column":null}},"2":{"start":{"line":45,"column":2},"end":{"line":47,"column":null}},"3":{"start":{"line":46,"column":4},"end":{"line":46,"column":null}},"4":{"start":{"line":49,"column":19},"end":{"line":49,"column":null}},"5":{"start":{"line":50,"column":21},"end":{"line":50,"column":null}},"6":{"start":{"line":52,"column":32},"end":{"line":56,"column":null}},"7":{"start":{"line":58,"column":2},"end":{"line":58,"column":null}}},"fnMap":{"0":{"name":"eliminatePlayer","decl":{"start":{"line":14,"column":16},"end":{"line":14,"column":32}},"loc":{"start":{"line":14,"column":56},"end":{"line":20,"column":null}},"line":14},"1":{"name":"canPlayerAct","decl":{"start":{"line":26,"column":16},"end":{"line":26,"column":29}},"loc":{"start":{"line":26,"column":54},"end":{"line":28,"column":null}},"line":26},"2":{"name":"loseLife","decl":{"start":{"line":43,"column":16},"end":{"line":43,"column":25}},"loc":{"start":{"line":43,"column":82},"end":{"line":59,"column":null}},"line":43}},"branchMap":{"0":{"loc":{"start":{"line":45,"column":2},"end":{"line":47,"column":null}},"type":"if","locations":[{"start":{"line":45,"column":2},"end":{"line":47,"column":null}},{"start":{},"end":{}}],"line":45},"1":{"loc":{"start":{"line":55,"column":12},"end":{"line":55,"column":null}},"type":"cond-expr","locations":[{"start":{"line":55,"column":25},"end":{"line":55,"column":51}},{"start":{"line":55,"column":51},"end":{"line":55,"column":null}}],"line":55}},"s":{"0":3,"1":5,"2":1141,"3":2,"4":1139,"5":1139,"6":1139,"7":1141},"f":{"0":3,"1":5,"2":1141},"b":{"0":[2,1139],"1":[120,1019]},"meta":{"lastBranch":2,"lastFunction":3,"lastStatement":8,"seen":{"f:14:16:14:32":0,"s:15:2:19:Infinity":0,"f:26:16:26:29":1,"s:27:2:27:Infinity":1,"f:43:16:43:25":2,"b:45:2:47:Infinity:undefined:undefined:undefined:undefined":0,"s:45:2:47:Infinity":2,"s:46:4:46:Infinity":3,"s:49:19:49:Infinity":4,"s:50:21:50:Infinity":5,"s:52:32:56:Infinity":6,"b:55:25:55:51:55:51:55:Infinity":1,"s:58:2:58:Infinity":7}}}
,"C:\\laragon\\www\\3d-web-game-card\\src\\engine\\special-cards.ts": {"path":"C:\\laragon\\www\\3d-web-game-card\\src\\engine\\special-cards.ts","statementMap":{"0":{"start":{"line":36,"column":2},"end":{"line":82,"column":null}},"1":{"start":{"line":38,"column":6},"end":{"line":46,"column":null}},"2":{"start":{"line":49,"column":6},"end":{"line":54,"column":null}},"3":{"start":{"line":57,"column":6},"end":{"line":62,"column":null}},"4":{"start":{"line":65,"column":6},"end":{"line":70,"column":null}},"5":{"start":{"line":73,"column":12},"end":{"line":73,"column":null}},"6":{"start":{"line":74,"column":6},"end":{"line":80,"column":null}}},"fnMap":{"0":{"name":"applySpecialEffect","decl":{"start":{"line":32,"column":16},"end":{"line":32,"column":null}},"loc":{"start":{"line":35,"column":23},"end":{"line":83,"column":null}},"line":35}},"branchMap":{"0":{"loc":{"start":{"line":36,"column":2},"end":{"line":82,"column":null}},"type":"switch","locations":[{"start":{"line":37,"column":4},"end":{"line":46,"column":null}},{"start":{"line":48,"column":4},"end":{"line":54,"column":null}},{"start":{"line":56,"column":4},"end":{"line":62,"column":null}},{"start":{"line":64,"column":4},"end":{"line":70,"column":null}},{"start":{"line":72,"column":4},"end":{"line":81,"column":null}}],"line":36},"1":{"loc":{"start":{"line":41,"column":10},"end":{"line":43,"column":null}},"type":"cond-expr","locations":[{"start":{"line":42,"column":14},"end":{"line":42,"column":null}},{"start":{"line":43,"column":14},"end":{"line":43,"column":null}}],"line":41}},"s":{"0":1397,"1":295,"2":289,"3":280,"4":183,"5":350,"6":350},"f":{"0":1397},"b":{"0":[295,289,280,183,350],"1":[192,103]},"meta":{"lastBranch":2,"lastFunction":1,"lastStatement":7,"seen":{"f:32:16:32:Infinity":0,"b:37:4:46:Infinity:48:4:54:Infinity:56:4:62:Infinity:64:4:70:Infinity:72:4:81:Infinity":0,"s:36:2:82:Infinity":0,"s:38:6:46:Infinity":1,"b:42:14:42:Infinity:43:14:43:Infinity":1,"s:49:6:54:Infinity":2,"s:57:6:62:Infinity":3,"s:65:6:70:Infinity":4,"s:73:12:73:Infinity":5,"s:74:6:80:Infinity":6}}}
,"C:\\laragon\\www\\3d-web-game-card\\src\\engine\\turn.ts": {"path":"C:\\laragon\\www\\3d-web-game-card\\src\\engine\\turn.ts","statementMap":{"0":{"start":{"line":25,"column":16},"end":{"line":25,"column":null}},"1":{"start":{"line":26,"column":13},"end":{"line":26,"column":null}},"2":{"start":{"line":28,"column":2},"end":{"line":30,"column":null}},"3":{"start":{"line":29,"column":4},"end":{"line":29,"column":null}},"4":{"start":{"line":32,"column":2},"end":{"line":32,"column":null}},"5":{"start":{"line":39,"column":2},"end":{"line":39,"column":null}},"6":{"start":{"line":39,"column":31},"end":{"line":39,"column":62}},"7":{"start":{"line":48,"column":20},"end":{"line":52,"column":null}},"8":{"start":{"line":54,"column":2},"end":{"line":57,"column":null}}},"fnMap":{"0":{"name":"getNextActivePlayerIndex","decl":{"start":{"line":20,"column":16},"end":{"line":20,"column":null}},"loc":{"start":{"line":24,"column":10},"end":{"line":33,"column":null}},"line":24},"1":{"name":"getAlivePlayerCount","decl":{"start":{"line":38,"column":16},"end":{"line":38,"column":36}},"loc":{"start":{"line":38,"column":63},"end":{"line":40,"column":null}},"line":38},"2":{"name":"(anonymous_2)","decl":{"start":{"line":39,"column":17},"end":{"line":39,"column":25}},"loc":{"start":{"line":39,"column":31},"end":{"line":39,"column":62}},"line":39},"3":{"name":"advanceTurn","decl":{"start":{"line":47,"column":16},"end":{"line":47,"column":28}},"loc":{"start":{"line":47,"column":57},"end":{"line":58,"column":null}},"line":47}},"branchMap":{},"s":{"0":5431,"1":5431,"2":5431,"3":6010,"4":5431,"5":5,"6":20,"7":3,"8":3},"f":{"0":5431,"1":5,"2":20,"3":3},"b":{},"meta":{"lastBranch":0,"lastFunction":4,"lastStatement":9,"seen":{"f:20:16:20:Infinity":0,"s:25:16:25:Infinity":0,"s:26:13:26:Infinity":1,"s:28:2:30:Infinity":2,"s:29:4:29:Infinity":3,"s:32:2:32:Infinity":4,"f:38:16:38:36":1,"s:39:2:39:Infinity":5,"f:39:17:39:25":2,"s:39:31:39:62":6,"f:47:16:47:28":3,"s:48:20:52:Infinity":7,"s:54:2:57:Infinity":8}}}
,"C:\\laragon\\www\\3d-web-game-card\\src\\engine\\win-condition.ts": {"path":"C:\\laragon\\www\\3d-web-game-card\\src\\engine\\win-condition.ts","statementMap":{"0":{"start":{"line":13,"column":16},"end":{"line":13,"column":null}},"1":{"start":{"line":13,"column":38},"end":{"line":13,"column":69}},"2":{"start":{"line":14,"column":2},"end":{"line":14,"column":null}},"3":{"start":{"line":24,"column":16},"end":{"line":24,"column":null}},"4":{"start":{"line":24,"column":38},"end":{"line":24,"column":69}},"5":{"start":{"line":25,"column":2},"end":{"line":25,"column":null}},"6":{"start":{"line":25,"column":26},"end":{"line":25,"column":null}},"7":{"start":{"line":27,"column":17},"end":{"line":30,"column":null}},"8":{"start":{"line":28,"column":4},"end":{"line":28,"column":null}},"9":{"start":{"line":28,"column":29},"end":{"line":28,"column":null}},"10":{"start":{"line":29,"column":4},"end":{"line":29,"column":null}},"11":{"start":{"line":31,"column":2},"end":{"line":31,"column":null}},"12":{"start":{"line":43,"column":16},"end":{"line":43,"column":null}},"13":{"start":{"line":43,"column":44},"end":{"line":43,"column":75}},"14":{"start":{"line":45,"column":2},"end":{"line":45,"column":null}},"15":{"start":{"line":45,"column":25},"end":{"line":45,"column":null}},"16":{"start":{"line":47,"column":2},"end":{"line":47,"column":null}},"17":{"start":{"line":47,"column":28},"end":{"line":47,"column":69}}},"fnMap":{"0":{"name":"checkWinCondition","decl":{"start":{"line":12,"column":16},"end":{"line":12,"column":34}},"loc":{"start":{"line":12,"column":68},"end":{"line":15,"column":null}},"line":12},"1":{"name":"(anonymous_1)","decl":{"start":{"line":13,"column":24},"end":{"line":13,"column":32}},"loc":{"start":{"line":13,"column":38},"end":{"line":13,"column":69}},"line":13},"2":{"name":"resolveDeadlock","decl":{"start":{"line":23,"column":16},"end":{"line":23,"column":32}},"loc":{"start":{"line":23,"column":66},"end":{"line":32,"column":null}},"line":23},"3":{"name":"(anonymous_3)","decl":{"start":{"line":24,"column":24},"end":{"line":24,"column":32}},"loc":{"start":{"line":24,"column":38},"end":{"line":24,"column":69}},"line":24},"4":{"name":"(anonymous_4)","decl":{"start":{"line":27,"column":28},"end":{"line":27,"column":34}},"loc":{"start":{"line":27,"column":43},"end":{"line":30,"column":3}},"line":27},"5":{"name":"isDeadlock","decl":{"start":{"line":42,"column":16},"end":{"line":42,"column":27}},"loc":{"start":{"line":42,"column":54},"end":{"line":48,"column":null}},"line":42},"6":{"name":"(anonymous_6)","decl":{"start":{"line":43,"column":30},"end":{"line":43,"column":38}},"loc":{"start":{"line":43,"column":44},"end":{"line":43,"column":75}},"line":43},"7":{"name":"(anonymous_7)","decl":{"start":{"line":47,"column":15},"end":{"line":47,"column":22}},"loc":{"start":{"line":47,"column":28},"end":{"line":47,"column":69}},"line":47}},"branchMap":{"0":{"loc":{"start":{"line":14,"column":9},"end":{"line":14,"column":null}},"type":"cond-expr","locations":[{"start":{"line":14,"column":30},"end":{"line":14,"column":41}},{"start":{"line":14,"column":41},"end":{"line":14,"column":null}}],"line":14},"1":{"loc":{"start":{"line":25,"column":2},"end":{"line":25,"column":null}},"type":"if","locations":[{"start":{"line":25,"column":2},"end":{"line":25,"column":null}},{"start":{},"end":{}}],"line":25},"2":{"loc":{"start":{"line":28,"column":4},"end":{"line":28,"column":null}},"type":"if","locations":[{"start":{"line":28,"column":4},"end":{"line":28,"column":null}},{"start":{},"end":{}}],"line":28},"3":{"loc":{"start":{"line":45,"column":2},"end":{"line":45,"column":null}},"type":"if","locations":[{"start":{"line":45,"column":2},"end":{"line":45,"column":null}},{"start":{},"end":{}}],"line":45}},"s":{"0":5229,"1":20914,"2":5229,"3":110,"4":440,"5":110,"6":2,"7":108,"8":352,"9":250,"10":102,"11":108,"12":5220,"13":20880,"14":5220,"15":3,"16":5217,"17":7136},"f":{"0":5229,"1":20914,"2":110,"3":440,"4":352,"5":5220,"6":20880,"7":7136},"b":{"0":[16,5213],"1":[2,108],"2":[250,102],"3":[3,5217]},"meta":{"lastBranch":4,"lastFunction":8,"lastStatement":18,"seen":{"f:12:16:12:34":0,"s:13:16:13:Infinity":0,"f:13:24:13:32":1,"s:13:38:13:69":1,"s:14:2:14:Infinity":2,"b:14:30:14:41:14:41:14:Infinity":0,"f:23:16:23:32":2,"s:24:16:24:Infinity":3,"f:24:24:24:32":3,"s:24:38:24:69":4,"b:25:2:25:Infinity:undefined:undefined:undefined:undefined":1,"s:25:2:25:Infinity":5,"s:25:26:25:Infinity":6,"s:27:17:30:Infinity":7,"f:27:28:27:34":4,"b:28:4:28:Infinity:undefined:undefined:undefined:undefined":2,"s:28:4:28:Infinity":8,"s:28:29:28:Infinity":9,"s:29:4:29:Infinity":10,"s:31:2:31:Infinity":11,"f:42:16:42:27":5,"s:43:16:43:Infinity":12,"f:43:30:43:38":6,"s:43:44:43:75":13,"b:45:2:45:Infinity:undefined:undefined:undefined:undefined":3,"s:45:2:45:Infinity":14,"s:45:25:45:Infinity":15,"s:47:2:47:Infinity":16,"f:47:15:47:22":7,"s:47:28:47:69":17}}}
,"C:\\laragon\\www\\3d-web-game-card\\src\\store\\animation-slice.ts": {"path":"C:\\laragon\\www\\3d-web-game-card\\src\\store\\animation-slice.ts","statementMap":{"0":{"start":{"line":45,"column":13},"end":{"line":83,"column":null}},"1":{"start":{"line":50,"column":14},"end":{"line":83,"column":null}},"2":{"start":{"line":60,"column":4},"end":{"line":62,"column":null}},"3":{"start":{"line":61,"column":6},"end":{"line":61,"column":null}},"4":{"start":{"line":65,"column":4},"end":{"line":68,"column":null}},"5":{"start":{"line":66,"column":6},"end":{"line":66,"column":null}},"6":{"start":{"line":67,"column":6},"end":{"line":67,"column":null}},"7":{"start":{"line":71,"column":4},"end":{"line":73,"column":null}},"8":{"start":{"line":72,"column":6},"end":{"line":72,"column":null}},"9":{"start":{"line":79,"column":4},"end":{"line":82,"column":null}},"10":{"start":{"line":80,"column":6},"end":{"line":80,"column":null}},"11":{"start":{"line":81,"column":6},"end":{"line":81,"column":null}}},"fnMap":{"0":{"name":"(anonymous_0)","decl":{"start":{"line":45,"column":13},"end":{"line":45,"column":null}},"loc":{"start":{"line":50,"column":14},"end":{"line":83,"column":null}},"line":50},"1":{"name":"(anonymous_1)","decl":{"start":{"line":59,"column":2},"end":{"line":59,"column":21}},"loc":{"start":{"line":60,"column":4},"end":{"line":62,"column":null}},"line":60},"2":{"name":"(anonymous_2)","decl":{"start":{"line":60,"column":4},"end":{"line":60,"column":9}},"loc":{"start":{"line":60,"column":19},"end":{"line":62,"column":5}},"line":60},"3":{"name":"(anonymous_3)","decl":{"start":{"line":64,"column":2},"end":{"line":64,"column":null}},"loc":{"start":{"line":65,"column":4},"end":{"line":68,"column":null}},"line":65},"4":{"name":"(anonymous_4)","decl":{"start":{"line":65,"column":4},"end":{"line":65,"column":9}},"loc":{"start":{"line":65,"column":19},"end":{"line":68,"column":5}},"line":65},"5":{"name":"(anonymous_5)","decl":{"start":{"line":70,"column":2},"end":{"line":70,"column":17}},"loc":{"start":{"line":71,"column":4},"end":{"line":73,"column":null}},"line":71},"6":{"name":"(anonymous_6)","decl":{"start":{"line":71,"column":4},"end":{"line":71,"column":9}},"loc":{"start":{"line":71,"column":19},"end":{"line":73,"column":5}},"line":71},"7":{"name":"(anonymous_7)","decl":{"start":{"line":75,"column":2},"end":{"line":75,"column":null}},"loc":{"start":{"line":79,"column":4},"end":{"line":82,"column":null}},"line":79},"8":{"name":"(anonymous_8)","decl":{"start":{"line":79,"column":4},"end":{"line":79,"column":9}},"loc":{"start":{"line":79,"column":19},"end":{"line":82,"column":5}},"line":79}},"branchMap":{"0":{"loc":{"start":{"line":81,"column":26},"end":{"line":81,"column":null}},"type":"binary-expr","locations":[{"start":{"line":81,"column":26},"end":{"line":81,"column":38}},{"start":{"line":81,"column":38},"end":{"line":81,"column":null}}],"line":81}},"s":{"0":25,"1":25,"2":31,"3":31,"4":1,"5":1,"6":1,"7":23,"8":23,"9":4,"10":4,"11":4},"f":{"0":25,"1":31,"2":31,"3":1,"4":1,"5":23,"6":23,"7":4,"8":4},"b":{"0":[4,0]},"meta":{"lastBranch":1,"lastFunction":9,"lastStatement":12,"seen":{"s:45:13:83:Infinity":0,"f:45:13:45:Infinity":0,"s:50:14:83:Infinity":1,"f:59:2:59:21":1,"s:60:4:62:Infinity":2,"f:60:4:60:9":2,"s:61:6:61:Infinity":3,"f:64:2:64:Infinity":3,"s:65:4:68:Infinity":4,"f:65:4:65:9":4,"s:66:6:66:Infinity":5,"s:67:6:67:Infinity":6,"f:70:2:70:17":5,"s:71:4:73:Infinity":7,"f:71:4:71:9":6,"s:72:6:72:Infinity":8,"f:75:2:75:Infinity":7,"s:79:4:82:Infinity":9,"f:79:4:79:9":8,"s:80:6:80:Infinity":10,"s:81:6:81:Infinity":11,"b:81:26:81:38:81:38:81:Infinity":0}}}
,"C:\\laragon\\www\\3d-web-game-card\\src\\store\\game-slice.ts": {"path":"C:\\laragon\\www\\3d-web-game-card\\src\\store\\game-slice.ts","statementMap":{"0":{"start":{"line":93,"column":2},"end":{"line":102,"column":null}},"1":{"start":{"line":111,"column":13},"end":{"line":331,"column":null}},"2":{"start":{"line":116,"column":19},"end":{"line":331,"column":null}},"3":{"start":{"line":130,"column":18},"end":{"line":130,"column":null}},"4":{"start":{"line":131,"column":4},"end":{"line":140,"column":null}},"5":{"start":{"line":132,"column":6},"end":{"line":132,"column":null}},"6":{"start":{"line":133,"column":6},"end":{"line":133,"column":null}},"7":{"start":{"line":134,"column":6},"end":{"line":134,"column":null}},"8":{"start":{"line":135,"column":6},"end":{"line":135,"column":null}},"9":{"start":{"line":136,"column":6},"end":{"line":136,"column":null}},"10":{"start":{"line":137,"column":6},"end":{"line":137,"column":null}},"11":{"start":{"line":138,"column":6},"end":{"line":138,"column":null}},"12":{"start":{"line":139,"column":6},"end":{"line":139,"column":null}},"13":{"start":{"line":144,"column":18},"end":{"line":144,"column":null}},"14":{"start":{"line":145,"column":4},"end":{"line":169,"column":null}},"15":{"start":{"line":147,"column":6},"end":{"line":147,"column":null}},"16":{"start":{"line":148,"column":6},"end":{"line":148,"column":null}},"17":{"start":{"line":149,"column":6},"end":{"line":149,"column":null}},"18":{"start":{"line":150,"column":6},"end":{"line":150,"column":null}},"19":{"start":{"line":151,"column":6},"end":{"line":151,"column":null}},"20":{"start":{"line":152,"column":6},"end":{"line":152,"column":null}},"21":{"start":{"line":153,"column":6},"end":{"line":153,"column":null}},"22":{"start":{"line":154,"column":6},"end":{"line":154,"column":null}},"23":{"start":{"line":157,"column":6},"end":{"line":157,"column":null}},"24":{"start":{"line":158,"column":6},"end":{"line":158,"column":null}},"25":{"start":{"line":159,"column":6},"end":{"line":159,"column":null}},"26":{"start":{"line":160,"column":6},"end":{"line":160,"column":null}},"27":{"start":{"line":161,"column":6},"end":{"line":161,"column":null}},"28":{"start":{"line":162,"column":6},"end":{"line":162,"column":null}},"29":{"start":{"line":165,"column":6},"end":{"line":165,"column":null}},"30":{"start":{"line":166,"column":6},"end":{"line":166,"column":null}},"31":{"start":{"line":167,"column":6},"end":{"line":167,"column":null}},"32":{"start":{"line":168,"column":6},"end":{"line":168,"column":null}},"33":{"start":{"line":173,"column":18},"end":{"line":173,"column":null}},"34":{"start":{"line":174,"column":19},"end":{"line":174,"column":null}},"35":{"start":{"line":177,"column":4},"end":{"line":177,"column":null}},"36":{"start":{"line":177,"column":57},"end":{"line":177,"column":null}},"37":{"start":{"line":180,"column":22},"end":{"line":180,"column":null}},"38":{"start":{"line":180,"column":51},"end":{"line":180,"column":66}},"39":{"start":{"line":181,"column":4},"end":{"line":181,"column":null}},"40":{"start":{"line":181,"column":26},"end":{"line":181,"column":null}},"41":{"start":{"line":183,"column":17},"end":{"line":183,"column":null}},"42":{"start":{"line":186,"column":4},"end":{"line":186,"column":null}},"43":{"start":{"line":186,"column":55},"end":{"line":186,"column":null}},"44":{"start":{"line":189,"column":38},"end":{"line":189,"column":null}},"45":{"start":{"line":190,"column":23},"end":{"line":190,"column":null}},"46":{"start":{"line":191,"column":26},"end":{"line":191,"column":null}},"47":{"start":{"line":192,"column":36},"end":{"line":192,"column":null}},"48":{"start":{"line":194,"column":4},"end":{"line":209,"column":null}},"49":{"start":{"line":195,"column":27},"end":{"line":195,"column":null}},"50":{"start":{"line":196,"column":21},"end":{"line":196,"column":null}},"51":{"start":{"line":197,"column":6},"end":{"line":197,"column":null}},"52":{"start":{"line":198,"column":6},"end":{"line":198,"column":null}},"53":{"start":{"line":199,"column":6},"end":{"line":199,"column":null}},"54":{"start":{"line":202,"column":6},"end":{"line":208,"column":null}},"55":{"start":{"line":203,"column":8},"end":{"line":207,"column":null}},"56":{"start":{"line":211,"column":4},"end":{"line":233,"column":null}},"57":{"start":{"line":213,"column":6},"end":{"line":213,"column":null}},"58":{"start":{"line":216,"column":6},"end":{"line":221,"column":null}},"59":{"start":{"line":218,"column":8},"end":{"line":218,"column":null}},"60":{"start":{"line":220,"column":8},"end":{"line":220,"column":null}},"61":{"start":{"line":224,"column":6},"end":{"line":224,"column":null}},"62":{"start":{"line":227,"column":6},"end":{"line":227,"column":null}},"63":{"start":{"line":230,"column":6},"end":{"line":232,"column":null}},"64":{"start":{"line":231,"column":8},"end":{"line":231,"column":null}},"65":{"start":{"line":237,"column":18},"end":{"line":237,"column":null}},"66":{"start":{"line":238,"column":19},"end":{"line":238,"column":null}},"67":{"start":{"line":241,"column":4},"end":{"line":241,"column":null}},"68":{"start":{"line":241,"column":57},"end":{"line":241,"column":null}},"69":{"start":{"line":243,"column":19},"end":{"line":243,"column":null}},"70":{"start":{"line":245,"column":4},"end":{"line":248,"column":null}},"71":{"start":{"line":246,"column":6},"end":{"line":246,"column":null}},"72":{"start":{"line":247,"column":6},"end":{"line":247,"column":null}},"73":{"start":{"line":252,"column":18},"end":{"line":252,"column":null}},"74":{"start":{"line":255,"column":19},"end":{"line":255,"column":null}},"75":{"start":{"line":256,"column":4},"end":{"line":256,"column":null}},"76":{"start":{"line":256,"column":17},"end":{"line":256,"column":null}},"77":{"start":{"line":259,"column":4},"end":{"line":259,"column":null}},"78":{"start":{"line":259,"column":33},"end":{"line":259,"column":null}},"79":{"start":{"line":261,"column":19},"end":{"line":261,"column":null}},"80":{"start":{"line":263,"column":4},"end":{"line":268,"column":null}},"81":{"start":{"line":264,"column":6},"end":{"line":267,"column":null}},"82":{"start":{"line":265,"column":8},"end":{"line":265,"column":null}},"83":{"start":{"line":266,"column":8},"end":{"line":266,"column":null}},"84":{"start":{"line":272,"column":18},"end":{"line":272,"column":null}},"85":{"start":{"line":273,"column":22},"end":{"line":277,"column":null}},"86":{"start":{"line":278,"column":4},"end":{"line":280,"column":null}},"87":{"start":{"line":279,"column":6},"end":{"line":279,"column":null}},"88":{"start":{"line":284,"column":18},"end":{"line":284,"column":null}},"89":{"start":{"line":285,"column":25},"end":{"line":285,"column":null}},"90":{"start":{"line":286,"column":19},"end":{"line":286,"column":null}},"91":{"start":{"line":288,"column":4},"end":{"line":294,"column":null}},"92":{"start":{"line":289,"column":6},"end":{"line":289,"column":null}},"93":{"start":{"line":290,"column":6},"end":{"line":290,"column":null}},"94":{"start":{"line":291,"column":6},"end":{"line":293,"column":null}},"95":{"start":{"line":292,"column":8},"end":{"line":292,"column":null}},"96":{"start":{"line":298,"column":4},"end":{"line":303,"column":null}},"97":{"start":{"line":299,"column":6},"end":{"line":302,"column":null}},"98":{"start":{"line":300,"column":8},"end":{"line":300,"column":null}},"99":{"start":{"line":301,"column":8},"end":{"line":301,"column":null}},"100":{"start":{"line":307,"column":18},"end":{"line":307,"column":null}},"101":{"start":{"line":308,"column":25},"end":{"line":308,"column":null}},"102":{"start":{"line":309,"column":4},"end":{"line":314,"column":null}},"103":{"start":{"line":310,"column":6},"end":{"line":313,"column":null}},"104":{"start":{"line":311,"column":8},"end":{"line":311,"column":null}},"105":{"start":{"line":312,"column":8},"end":{"line":312,"column":null}},"106":{"start":{"line":318,"column":18},"end":{"line":318,"column":null}},"107":{"start":{"line":319,"column":25},"end":{"line":319,"column":null}},"108":{"start":{"line":321,"column":4},"end":{"line":321,"column":null}},"109":{"start":{"line":321,"column":42},"end":{"line":321,"column":null}},"110":{"start":{"line":323,"column":25},"end":{"line":323,"column":null}},"111":{"start":{"line":324,"column":4},"end":{"line":329,"column":null}},"112":{"start":{"line":325,"column":6},"end":{"line":328,"column":null}},"113":{"start":{"line":326,"column":8},"end":{"line":326,"column":null}},"114":{"start":{"line":327,"column":8},"end":{"line":327,"column":null}}},"fnMap":{"0":{"name":"toGameState","decl":{"start":{"line":92,"column":9},"end":{"line":92,"column":21}},"loc":{"start":{"line":92,"column":50},"end":{"line":103,"column":null}},"line":92},"1":{"name":"(anonymous_1)","decl":{"start":{"line":111,"column":13},"end":{"line":111,"column":null}},"loc":{"start":{"line":116,"column":19},"end":{"line":331,"column":null}},"line":116},"2":{"name":"(anonymous_2)","decl":{"start":{"line":129,"column":2},"end":{"line":129,"column":18}},"loc":{"start":{"line":129,"column":18},"end":{"line":141,"column":null}},"line":129},"3":{"name":"(anonymous_3)","decl":{"start":{"line":131,"column":4},"end":{"line":131,"column":9}},"loc":{"start":{"line":131,"column":19},"end":{"line":140,"column":5}},"line":131},"4":{"name":"(anonymous_4)","decl":{"start":{"line":143,"column":2},"end":{"line":143,"column":19}},"loc":{"start":{"line":143,"column":19},"end":{"line":170,"column":null}},"line":143},"5":{"name":"(anonymous_5)","decl":{"start":{"line":145,"column":4},"end":{"line":145,"column":9}},"loc":{"start":{"line":145,"column":19},"end":{"line":169,"column":5}},"line":145},"6":{"name":"(anonymous_6)","decl":{"start":{"line":172,"column":2},"end":{"line":172,"column":13}},"loc":{"start":{"line":172,"column":53},"end":{"line":234,"column":null}},"line":172},"7":{"name":"(anonymous_7)","decl":{"start":{"line":180,"column":34},"end":{"line":180,"column":45}},"loc":{"start":{"line":180,"column":51},"end":{"line":180,"column":66}},"line":180},"8":{"name":"(anonymous_8)","decl":{"start":{"line":211,"column":4},"end":{"line":211,"column":9}},"loc":{"start":{"line":211,"column":19},"end":{"line":233,"column":5}},"line":211},"9":{"name":"(anonymous_9)","decl":{"start":{"line":236,"column":2},"end":{"line":236,"column":13}},"loc":{"start":{"line":236,"column":37},"end":{"line":249,"column":null}},"line":236},"10":{"name":"(anonymous_10)","decl":{"start":{"line":245,"column":4},"end":{"line":245,"column":9}},"loc":{"start":{"line":245,"column":19},"end":{"line":248,"column":5}},"line":245},"11":{"name":"(anonymous_11)","decl":{"start":{"line":251,"column":2},"end":{"line":251,"column":13}},"loc":{"start":{"line":251,"column":37},"end":{"line":269,"column":null}},"line":251},"12":{"name":"(anonymous_12)","decl":{"start":{"line":264,"column":6},"end":{"line":264,"column":11}},"loc":{"start":{"line":264,"column":21},"end":{"line":267,"column":7}},"line":264},"13":{"name":"(anonymous_13)","decl":{"start":{"line":271,"column":2},"end":{"line":271,"column":21}},"loc":{"start":{"line":271,"column":21},"end":{"line":281,"column":null}},"line":271},"14":{"name":"(anonymous_14)","decl":{"start":{"line":278,"column":4},"end":{"line":278,"column":9}},"loc":{"start":{"line":278,"column":19},"end":{"line":280,"column":5}},"line":278},"15":{"name":"(anonymous_15)","decl":{"start":{"line":283,"column":2},"end":{"line":283,"column":23}},"loc":{"start":{"line":283,"column":49},"end":{"line":295,"column":null}},"line":283},"16":{"name":"(anonymous_16)","decl":{"start":{"line":288,"column":4},"end":{"line":288,"column":9}},"loc":{"start":{"line":288,"column":19},"end":{"line":294,"column":5}},"line":288},"17":{"name":"(anonymous_17)","decl":{"start":{"line":297,"column":2},"end":{"line":297,"column":20}},"loc":{"start":{"line":297,"column":44},"end":{"line":304,"column":null}},"line":297},"18":{"name":"(anonymous_18)","decl":{"start":{"line":298,"column":4},"end":{"line":298,"column":9}},"loc":{"start":{"line":298,"column":19},"end":{"line":303,"column":5}},"line":298},"19":{"name":"(anonymous_19)","decl":{"start":{"line":306,"column":2},"end":{"line":306,"column":27}},"loc":{"start":{"line":306,"column":27},"end":{"line":315,"column":null}},"line":306},"20":{"name":"(anonymous_20)","decl":{"start":{"line":310,"column":6},"end":{"line":310,"column":11}},"loc":{"start":{"line":310,"column":21},"end":{"line":313,"column":7}},"line":310},"21":{"name":"(anonymous_21)","decl":{"start":{"line":317,"column":2},"end":{"line":317,"column":25}},"loc":{"start":{"line":317,"column":25},"end":{"line":330,"column":null}},"line":317},"22":{"name":"(anonymous_22)","decl":{"start":{"line":325,"column":6},"end":{"line":325,"column":11}},"loc":{"start":{"line":325,"column":21},"end":{"line":328,"column":7}},"line":325}},"branchMap":{"0":{"loc":{"start":{"line":177,"column":4},"end":{"line":177,"column":null}},"type":"if","locations":[{"start":{"line":177,"column":4},"end":{"line":177,"column":null}},{"start":{},"end":{}}],"line":177},"1":{"loc":{"start":{"line":177,"column":8},"end":{"line":177,"column":57}},"type":"binary-expr","locations":[{"start":{"line":177,"column":8},"end":{"line":177,"column":19}},{"start":{"line":177,"column":19},"end":{"line":177,"column":57}}],"line":177},"2":{"loc":{"start":{"line":181,"column":4},"end":{"line":181,"column":null}},"type":"if","locations":[{"start":{"line":181,"column":4},"end":{"line":181,"column":null}},{"start":{},"end":{}}],"line":181},"3":{"loc":{"start":{"line":186,"column":4},"end":{"line":186,"column":null}},"type":"if","locations":[{"start":{"line":186,"column":4},"end":{"line":186,"column":null}},{"start":{},"end":{}}],"line":186},"4":{"loc":{"start":{"line":194,"column":4},"end":{"line":209,"column":null}},"type":"if","locations":[{"start":{"line":194,"column":4},"end":{"line":209,"column":null}},{"start":{},"end":{}}],"line":194},"5":{"loc":{"start":{"line":194,"column":8},"end":{"line":194,"column":64}},"type":"binary-expr","locations":[{"start":{"line":194,"column":8},"end":{"line":194,"column":42}},{"start":{"line":194,"column":42},"end":{"line":194,"column":64}}],"line":194},"6":{"loc":{"start":{"line":202,"column":6},"end":{"line":208,"column":null}},"type":"if","locations":[{"start":{"line":202,"column":6},"end":{"line":208,"column":null}},{"start":{},"end":{}}],"line":202},"7":{"loc":{"start":{"line":216,"column":6},"end":{"line":221,"column":null}},"type":"if","locations":[{"start":{"line":216,"column":6},"end":{"line":221,"column":null}},{"start":{"line":219,"column":13},"end":{"line":221,"column":null}}],"line":216},"8":{"loc":{"start":{"line":230,"column":6},"end":{"line":232,"column":null}},"type":"if","locations":[{"start":{"line":230,"column":6},"end":{"line":232,"column":null}},{"start":{},"end":{}}],"line":230},"9":{"loc":{"start":{"line":241,"column":4},"end":{"line":241,"column":null}},"type":"if","locations":[{"start":{"line":241,"column":4},"end":{"line":241,"column":null}},{"start":{},"end":{}}],"line":241},"10":{"loc":{"start":{"line":241,"column":8},"end":{"line":241,"column":57}},"type":"binary-expr","locations":[{"start":{"line":241,"column":8},"end":{"line":241,"column":19}},{"start":{"line":241,"column":19},"end":{"line":241,"column":57}}],"line":241},"11":{"loc":{"start":{"line":256,"column":4},"end":{"line":256,"column":null}},"type":"if","locations":[{"start":{"line":256,"column":4},"end":{"line":256,"column":null}},{"start":{},"end":{}}],"line":256},"12":{"loc":{"start":{"line":259,"column":4},"end":{"line":259,"column":null}},"type":"if","locations":[{"start":{"line":259,"column":4},"end":{"line":259,"column":null}},{"start":{},"end":{}}],"line":259},"13":{"loc":{"start":{"line":263,"column":4},"end":{"line":268,"column":null}},"type":"if","locations":[{"start":{"line":263,"column":4},"end":{"line":268,"column":null}},{"start":{},"end":{}}],"line":263},"14":{"loc":{"start":{"line":291,"column":6},"end":{"line":293,"column":null}},"type":"if","locations":[{"start":{"line":291,"column":6},"end":{"line":293,"column":null}},{"start":{},"end":{}}],"line":291},"15":{"loc":{"start":{"line":299,"column":6},"end":{"line":302,"column":null}},"type":"if","locations":[{"start":{"line":299,"column":6},"end":{"line":302,"column":null}},{"start":{},"end":{}}],"line":299},"16":{"loc":{"start":{"line":309,"column":4},"end":{"line":314,"column":null}},"type":"if","locations":[{"start":{"line":309,"column":4},"end":{"line":314,"column":null}},{"start":{},"end":{}}],"line":309},"17":{"loc":{"start":{"line":321,"column":4},"end":{"line":321,"column":null}},"type":"if","locations":[{"start":{"line":321,"column":4},"end":{"line":321,"column":null}},{"start":{},"end":{}}],"line":321},"18":{"loc":{"start":{"line":324,"column":4},"end":{"line":329,"column":null}},"type":"if","locations":[{"start":{"line":324,"column":4},"end":{"line":329,"column":null}},{"start":{},"end":{}}],"line":324}},"s":{"0":6520,"1":25,"2":25,"3":121,"4":121,"5":121,"6":121,"7":121,"8":121,"9":121,"10":121,"11":121,"12":121,"13":9,"14":9,"15":9,"16":9,"17":9,"18":9,"19":9,"20":9,"21":9,"22":9,"23":9,"24":9,"25":9,"26":9,"27":9,"28":9,"29":9,"30":9,"31":9,"32":9,"33":4121,"34":4121,"35":4121,"36":1,"37":4120,"38":7807,"39":4120,"40":1,"41":4119,"42":4119,"43":1,"44":4118,"45":4118,"46":4118,"47":4118,"48":4118,"49":1307,"50":1307,"51":1307,"52":1307,"53":1307,"54":1307,"55":287,"56":4118,"57":4118,"58":4118,"59":178,"60":3940,"61":4118,"62":4118,"63":4118,"64":287,"65":1134,"66":1134,"67":1134,"68":0,"69":1134,"70":1134,"71":1134,"72":1134,"73":4105,"74":4105,"75":4105,"76":0,"77":4105,"78":304,"79":3801,"80":3801,"81":3801,"82":3801,"83":3801,"84":5125,"85":5125,"86":5125,"87":5125,"88":3,"89":3,"90":3,"91":3,"92":3,"93":3,"94":3,"95":1,"96":3,"97":3,"98":3,"99":3,"100":5223,"101":5223,"102":5223,"103":14,"104":14,"105":14,"106":5210,"107":5210,"108":5210,"109":5109,"110":101,"111":101,"112":101,"113":101,"114":101},"f":{"0":6520,"1":25,"2":121,"3":121,"4":9,"5":9,"6":4121,"7":7807,"8":4118,"9":1134,"10":1134,"11":4105,"12":3801,"13":5125,"14":5125,"15":3,"16":3,"17":3,"18":3,"19":5223,"20":14,"21":5210,"22":101},"b":{"0":[1,4120],"1":[4121,4121],"2":[1,4119],"3":[1,4118],"4":[1307,2811],"5":[4118,1307],"6":[287,1020],"7":[178,3940],"8":[287,3831],"9":[0,1134],"10":[1134,1134],"11":[0,4105],"12":[304,3801],"13":[3801,0],"14":[1,2],"15":[3,0],"16":[14,5209],"17":[5109,101],"18":[101,0]},"meta":{"lastBranch":19,"lastFunction":23,"lastStatement":115,"seen":{"f:92:9:92:21":0,"s:93:2:102:Infinity":0,"s:111:13:331:Infinity":1,"f:111:13:111:Infinity":1,"s:116:19:331:Infinity":2,"f:129:2:129:18":2,"s:130:18:130:Infinity":3,"s:131:4:140:Infinity":4,"f:131:4:131:9":3,"s:132:6:132:Infinity":5,"s:133:6:133:Infinity":6,"s:134:6:134:Infinity":7,"s:135:6:135:Infinity":8,"s:136:6:136:Infinity":9,"s:137:6:137:Infinity":10,"s:138:6:138:Infinity":11,"s:139:6:139:Infinity":12,"f:143:2:143:19":4,"s:144:18:144:Infinity":13,"s:145:4:169:Infinity":14,"f:145:4:145:9":5,"s:147:6:147:Infinity":15,"s:148:6:148:Infinity":16,"s:149:6:149:Infinity":17,"s:150:6:150:Infinity":18,"s:151:6:151:Infinity":19,"s:152:6:152:Infinity":20,"s:153:6:153:Infinity":21,"s:154:6:154:Infinity":22,"s:157:6:157:Infinity":23,"s:158:6:158:Infinity":24,"s:159:6:159:Infinity":25,"s:160:6:160:Infinity":26,"s:161:6:161:Infinity":27,"s:162:6:162:Infinity":28,"s:165:6:165:Infinity":29,"s:166:6:166:Infinity":30,"s:167:6:167:Infinity":31,"s:168:6:168:Infinity":32,"f:172:2:172:13":6,"s:173:18:173:Infinity":33,"s:174:19:174:Infinity":34,"b:177:4:177:Infinity:undefined:undefined:undefined:undefined":0,"s:177:4:177:Infinity":35,"b:177:8:177:19:177:19:177:57":1,"s:177:57:177:Infinity":36,"s:180:22:180:Infinity":37,"f:180:34:180:45":7,"s:180:51:180:66":38,"b:181:4:181:Infinity:undefined:undefined:undefined:undefined":2,"s:181:4:181:Infinity":39,"s:181:26:181:Infinity":40,"s:183:17:183:Infinity":41,"b:186:4:186:Infinity:undefined:undefined:undefined:undefined":3,"s:186:4:186:Infinity":42,"s:186:55:186:Infinity":43,"s:189:38:189:Infinity":44,"s:190:23:190:Infinity":45,"s:191:26:191:Infinity":46,"s:192:36:192:Infinity":47,"b:194:4:209:Infinity:undefined:undefined:undefined:undefined":4,"s:194:4:209:Infinity":48,"b:194:8:194:42:194:42:194:64":5,"s:195:27:195:Infinity":49,"s:196:21:196:Infinity":50,"s:197:6:197:Infinity":51,"s:198:6:198:Infinity":52,"s:199:6:199:Infinity":53,"b:202:6:208:Infinity:undefined:undefined:undefined:undefined":6,"s:202:6:208:Infinity":54,"s:203:8:207:Infinity":55,"s:211:4:233:Infinity":56,"f:211:4:211:9":8,"s:213:6:213:Infinity":57,"b:216:6:221:Infinity:219:13:221:Infinity":7,"s:216:6:221:Infinity":58,"s:218:8:218:Infinity":59,"s:220:8:220:Infinity":60,"s:224:6:224:Infinity":61,"s:227:6:227:Infinity":62,"b:230:6:232:Infinity:undefined:undefined:undefined:undefined":8,"s:230:6:232:Infinity":63,"s:231:8:231:Infinity":64,"f:236:2:236:13":9,"s:237:18:237:Infinity":65,"s:238:19:238:Infinity":66,"b:241:4:241:Infinity:undefined:undefined:undefined:undefined":9,"s:241:4:241:Infinity":67,"b:241:8:241:19:241:19:241:57":10,"s:241:57:241:Infinity":68,"s:243:19:243:Infinity":69,"s:245:4:248:Infinity":70,"f:245:4:245:9":10,"s:246:6:246:Infinity":71,"s:247:6:247:Infinity":72,"f:251:2:251:13":11,"s:252:18:252:Infinity":73,"s:255:19:255:Infinity":74,"b:256:4:256:Infinity:undefined:undefined:undefined:undefined":11,"s:256:4:256:Infinity":75,"s:256:17:256:Infinity":76,"b:259:4:259:Infinity:undefined:undefined:undefined:undefined":12,"s:259:4:259:Infinity":77,"s:259:33:259:Infinity":78,"s:261:19:261:Infinity":79,"b:263:4:268:Infinity:undefined:undefined:undefined:undefined":13,"s:263:4:268:Infinity":80,"s:264:6:267:Infinity":81,"f:264:6:264:11":12,"s:265:8:265:Infinity":82,"s:266:8:266:Infinity":83,"f:271:2:271:21":13,"s:272:18:272:Infinity":84,"s:273:22:277:Infinity":85,"s:278:4:280:Infinity":86,"f:278:4:278:9":14,"s:279:6:279:Infinity":87,"f:283:2:283:23":15,"s:284:18:284:Infinity":88,"s:285:25:285:Infinity":89,"s:286:19:286:Infinity":90,"s:288:4:294:Infinity":91,"f:288:4:288:9":16,"s:289:6:289:Infinity":92,"s:290:6:290:Infinity":93,"b:291:6:293:Infinity:undefined:undefined:undefined:undefined":14,"s:291:6:293:Infinity":94,"s:292:8:292:Infinity":95,"f:297:2:297:20":17,"s:298:4:303:Infinity":96,"f:298:4:298:9":18,"b:299:6:302:Infinity:undefined:undefined:undefined:undefined":15,"s:299:6:302:Infinity":97,"s:300:8:300:Infinity":98,"s:301:8:301:Infinity":99,"f:306:2:306:27":19,"s:307:18:307:Infinity":100,"s:308:25:308:Infinity":101,"b:309:4:314:Infinity:undefined:undefined:undefined:undefined":16,"s:309:4:314:Infinity":102,"s:310:6:313:Infinity":103,"f:310:6:310:11":20,"s:311:8:311:Infinity":104,"s:312:8:312:Infinity":105,"f:317:2:317:25":21,"s:318:18:318:Infinity":106,"s:319:25:319:Infinity":107,"b:321:4:321:Infinity:undefined:undefined:undefined:undefined":17,"s:321:4:321:Infinity":108,"s:321:42:321:Infinity":109,"s:323:25:323:Infinity":110,"b:324:4:329:Infinity:undefined:undefined:undefined:undefined":18,"s:324:4:329:Infinity":111,"s:325:6:328:Infinity":112,"f:325:6:325:11":22,"s:326:8:326:Infinity":113,"s:327:8:327:Infinity":114}}}
,"C:\\laragon\\www\\3d-web-game-card\\src\\store\\index.ts": {"path":"C:\\laragon\\www\\3d-web-game-card\\src\\store\\index.ts","statementMap":{"0":{"start":{"line":33,"column":13},"end":{"line":39,"column":null}},"1":{"start":{"line":34,"column":19},"end":{"line":38,"column":4}}},"fnMap":{"0":{"name":"(anonymous_0)","decl":{"start":{"line":34,"column":2},"end":{"line":34,"column":9}},"loc":{"start":{"line":34,"column":19},"end":{"line":38,"column":4}},"line":34}},"branchMap":{},"s":{"0":25,"1":25},"f":{"0":25},"b":{},"meta":{"lastBranch":0,"lastFunction":1,"lastStatement":2,"seen":{"s:33:13:39:Infinity":0,"f:34:2:34:9":0,"s:34:19:38:4":1}}}
,"C:\\laragon\\www\\3d-web-game-card\\src\\store\\selectors.ts": {"path":"C:\\laragon\\www\\3d-web-game-card\\src\\store\\selectors.ts","statementMap":{"0":{"start":{"line":13,"column":13},"end":{"line":14,"column":null}},"1":{"start":{"line":14,"column":26},"end":{"line":14,"column":65}},"2":{"start":{"line":20,"column":13},"end":{"line":23,"column":null}},"3":{"start":{"line":22,"column":15},"end":{"line":22,"column":null}},"4":{"start":{"line":22,"column":41},"end":{"line":22,"column":68}},"5":{"start":{"line":29,"column":13},"end":{"line":34,"column":null}},"6":{"start":{"line":31,"column":20},"end":{"line":31,"column":null}},"7":{"start":{"line":32,"column":4},"end":{"line":32,"column":null}},"8":{"start":{"line":32,"column":18},"end":{"line":32,"column":null}},"9":{"start":{"line":33,"column":4},"end":{"line":33,"column":null}},"10":{"start":{"line":43,"column":13},"end":{"line":50,"column":null}},"11":{"start":{"line":43,"column":33},"end":{"line":50,"column":null}},"12":{"start":{"line":45,"column":19},"end":{"line":45,"column":null}},"13":{"start":{"line":46,"column":4},"end":{"line":46,"column":null}},"14":{"start":{"line":46,"column":17},"end":{"line":46,"column":null}},"15":{"start":{"line":47,"column":4},"end":{"line":49,"column":null}},"16":{"start":{"line":47,"column":31},"end":{"line":48,"column":null}},"17":{"start":{"line":56,"column":13},"end":{"line":59,"column":null}},"18":{"start":{"line":58,"column":4},"end":{"line":58,"column":null}},"19":{"start":{"line":58,"column":32},"end":{"line":58,"column":63}},"20":{"start":{"line":65,"column":13},"end":{"line":66,"column":null}},"21":{"start":{"line":66,"column":26},"end":{"line":66,"column":43}},"22":{"start":{"line":72,"column":13},"end":{"line":76,"column":null}},"23":{"start":{"line":74,"column":17},"end":{"line":74,"column":null}},"24":{"start":{"line":75,"column":4},"end":{"line":75,"column":null}}},"fnMap":{"0":{"name":"(anonymous_0)","decl":{"start":{"line":13,"column":13},"end":{"line":13,"column":null}},"loc":{"start":{"line":13,"column":13},"end":{"line":14,"column":null}},"line":13},"1":{"name":"(anonymous_1)","decl":{"start":{"line":14,"column":2},"end":{"line":14,"column":16}},"loc":{"start":{"line":14,"column":26},"end":{"line":14,"column":65}},"line":14},"2":{"name":"(anonymous_2)","decl":{"start":{"line":20,"column":13},"end":{"line":20,"column":null}},"loc":{"start":{"line":20,"column":13},"end":{"line":23,"column":null}},"line":20},"3":{"name":"(anonymous_3)","decl":{"start":{"line":21,"column":2},"end":{"line":21,"column":null}},"loc":{"start":{"line":22,"column":15},"end":{"line":22,"column":null}},"line":22},"4":{"name":"(anonymous_4)","decl":{"start":{"line":22,"column":29},"end":{"line":22,"column":35}},"loc":{"start":{"line":22,"column":41},"end":{"line":22,"column":68}},"line":22},"5":{"name":"(anonymous_5)","decl":{"start":{"line":29,"column":13},"end":{"line":29,"column":null}},"loc":{"start":{"line":29,"column":13},"end":{"line":34,"column":null}},"line":29},"6":{"name":"(anonymous_6)","decl":{"start":{"line":30,"column":2},"end":{"line":30,"column":16}},"loc":{"start":{"line":30,"column":26},"end":{"line":34,"column":3}},"line":30},"7":{"name":"(anonymous_7)","decl":{"start":{"line":43,"column":13},"end":{"line":43,"column":33}},"loc":{"start":{"line":43,"column":33},"end":{"line":50,"column":null}},"line":43},"8":{"name":"(anonymous_8)","decl":{"start":{"line":44,"column":2},"end":{"line":44,"column":16}},"loc":{"start":{"line":44,"column":26},"end":{"line":50,"column":3}},"line":44},"9":{"name":"(anonymous_9)","decl":{"start":{"line":47,"column":23},"end":{"line":47,"column":31}},"loc":{"start":{"line":47,"column":31},"end":{"line":48,"column":null}},"line":47},"10":{"name":"(anonymous_10)","decl":{"start":{"line":56,"column":13},"end":{"line":56,"column":null}},"loc":{"start":{"line":56,"column":13},"end":{"line":59,"column":null}},"line":56},"11":{"name":"(anonymous_11)","decl":{"start":{"line":57,"column":2},"end":{"line":57,"column":16}},"loc":{"start":{"line":58,"column":4},"end":{"line":58,"column":null}},"line":58},"12":{"name":"(anonymous_12)","decl":{"start":{"line":58,"column":18},"end":{"line":58,"column":26}},"loc":{"start":{"line":58,"column":32},"end":{"line":58,"column":63}},"line":58},"13":{"name":"(anonymous_13)","decl":{"start":{"line":65,"column":13},"end":{"line":65,"column":null}},"loc":{"start":{"line":65,"column":13},"end":{"line":66,"column":null}},"line":65},"14":{"name":"(anonymous_14)","decl":{"start":{"line":66,"column":2},"end":{"line":66,"column":16}},"loc":{"start":{"line":66,"column":26},"end":{"line":66,"column":43}},"line":66},"15":{"name":"(anonymous_15)","decl":{"start":{"line":72,"column":13},"end":{"line":72,"column":null}},"loc":{"start":{"line":72,"column":13},"end":{"line":76,"column":null}},"line":72},"16":{"name":"(anonymous_16)","decl":{"start":{"line":73,"column":2},"end":{"line":73,"column":16}},"loc":{"start":{"line":73,"column":26},"end":{"line":76,"column":3}},"line":73}},"branchMap":{"0":{"loc":{"start":{"line":22,"column":15},"end":{"line":22,"column":null}},"type":"binary-expr","locations":[{"start":{"line":22,"column":15},"end":{"line":22,"column":73}},{"start":{"line":22,"column":73},"end":{"line":22,"column":null}}],"line":22},"1":{"loc":{"start":{"line":32,"column":4},"end":{"line":32,"column":null}},"type":"if","locations":[{"start":{"line":32,"column":4},"end":{"line":32,"column":null}},{"start":{},"end":{}}],"line":32},"2":{"loc":{"start":{"line":46,"column":4},"end":{"line":46,"column":null}},"type":"if","locations":[{"start":{"line":46,"column":4},"end":{"line":46,"column":null}},{"start":{},"end":{}}],"line":46},"3":{"loc":{"start":{"line":75,"column":11},"end":{"line":75,"column":null}},"type":"cond-expr","locations":[{"start":{"line":75,"column":29},"end":{"line":75,"column":53}},{"start":{"line":75,"column":53},"end":{"line":75,"column":null}}],"line":75}},"s":{"0":3,"1":4,"2":2,"3":2,"4":5,"5":62,"6":91,"7":91,"8":49,"9":42,"10":7,"11":63,"12":92,"13":92,"14":51,"15":41,"16":119,"17":1,"18":1,"19":4,"20":37,"21":37,"22":2,"23":2,"24":2},"f":{"0":3,"1":4,"2":2,"3":2,"4":5,"5":62,"6":91,"7":63,"8":92,"9":119,"10":1,"11":1,"12":4,"13":37,"14":37,"15":2,"16":2},"b":{"0":[2,1],"1":[49,42],"2":[51,41],"3":[1,1]},"meta":{"lastBranch":4,"lastFunction":17,"lastStatement":25,"seen":{"s:13:13:14:Infinity":0,"f:13:13:13:Infinity":0,"f:14:2:14:16":1,"s:14:26:14:65":1,"s:20:13:23:Infinity":2,"f:20:13:20:Infinity":2,"f:21:2:21:Infinity":3,"s:22:15:22:Infinity":3,"b:22:15:22:73:22:73:22:Infinity":0,"f:22:29:22:35":4,"s:22:41:22:68":4,"s:29:13:34:Infinity":5,"f:29:13:29:Infinity":5,"f:30:2:30:16":6,"s:31:20:31:Infinity":6,"b:32:4:32:Infinity:undefined:undefined:undefined:undefined":1,"s:32:4:32:Infinity":7,"s:32:18:32:Infinity":8,"s:33:4:33:Infinity":9,"s:43:13:50:Infinity":10,"f:43:13:43:33":7,"s:43:33:50:Infinity":11,"f:44:2:44:16":8,"s:45:19:45:Infinity":12,"b:46:4:46:Infinity:undefined:undefined:undefined:undefined":2,"s:46:4:46:Infinity":13,"s:46:17:46:Infinity":14,"s:47:4:49:Infinity":15,"f:47:23:47:31":9,"s:47:31:48:Infinity":16,"s:56:13:59:Infinity":17,"f:56:13:56:Infinity":10,"f:57:2:57:16":11,"s:58:4:58:Infinity":18,"f:58:18:58:26":12,"s:58:32:58:63":19,"s:65:13:66:Infinity":20,"f:65:13:65:Infinity":13,"f:66:2:66:16":14,"s:66:26:66:43":21,"s:72:13:76:Infinity":22,"f:72:13:72:Infinity":15,"f:73:2:73:16":16,"s:74:17:74:Infinity":23,"s:75:4:75:Infinity":24,"b:75:29:75:53:75:53:75:Infinity":3}}}
,"C:\\laragon\\www\\3d-web-game-card\\src\\store\\ui-slice.ts": {"path":"C:\\laragon\\www\\3d-web-game-card\\src\\store\\ui-slice.ts","statementMap":{"0":{"start":{"line":48,"column":13},"end":{"line":98,"column":null}},"1":{"start":{"line":53,"column":14},"end":{"line":98,"column":null}},"2":{"start":{"line":65,"column":4},"end":{"line":67,"column":null}},"3":{"start":{"line":66,"column":6},"end":{"line":66,"column":null}},"4":{"start":{"line":70,"column":4},"end":{"line":72,"column":null}},"5":{"start":{"line":71,"column":6},"end":{"line":71,"column":null}},"6":{"start":{"line":75,"column":4},"end":{"line":77,"column":null}},"7":{"start":{"line":76,"column":6},"end":{"line":76,"column":null}},"8":{"start":{"line":80,"column":4},"end":{"line":82,"column":null}},"9":{"start":{"line":81,"column":6},"end":{"line":81,"column":null}},"10":{"start":{"line":85,"column":4},"end":{"line":91,"column":null}},"11":{"start":{"line":86,"column":6},"end":{"line":86,"column":null}},"12":{"start":{"line":88,"column":6},"end":{"line":90,"column":null}},"13":{"start":{"line":89,"column":8},"end":{"line":89,"column":null}},"14":{"start":{"line":94,"column":4},"end":{"line":97,"column":null}},"15":{"start":{"line":95,"column":6},"end":{"line":95,"column":null}},"16":{"start":{"line":96,"column":6},"end":{"line":96,"column":null}}},"fnMap":{"0":{"name":"(anonymous_0)","decl":{"start":{"line":48,"column":13},"end":{"line":48,"column":null}},"loc":{"start":{"line":53,"column":14},"end":{"line":98,"column":null}},"line":53},"1":{"name":"(anonymous_1)","decl":{"start":{"line":64,"column":2},"end":{"line":64,"column":18}},"loc":{"start":{"line":65,"column":4},"end":{"line":67,"column":null}},"line":65},"2":{"name":"(anonymous_2)","decl":{"start":{"line":65,"column":4},"end":{"line":65,"column":9}},"loc":{"start":{"line":65,"column":19},"end":{"line":67,"column":5}},"line":65},"3":{"name":"(anonymous_3)","decl":{"start":{"line":69,"column":2},"end":{"line":69,"column":23}},"loc":{"start":{"line":70,"column":4},"end":{"line":72,"column":null}},"line":70},"4":{"name":"(anonymous_4)","decl":{"start":{"line":70,"column":4},"end":{"line":70,"column":9}},"loc":{"start":{"line":70,"column":19},"end":{"line":72,"column":5}},"line":70},"5":{"name":"(anonymous_5)","decl":{"start":{"line":74,"column":2},"end":{"line":74,"column":19}},"loc":{"start":{"line":75,"column":4},"end":{"line":77,"column":null}},"line":75},"6":{"name":"(anonymous_6)","decl":{"start":{"line":75,"column":4},"end":{"line":75,"column":9}},"loc":{"start":{"line":75,"column":19},"end":{"line":77,"column":5}},"line":75},"7":{"name":"(anonymous_7)","decl":{"start":{"line":79,"column":2},"end":{"line":79,"column":20}},"loc":{"start":{"line":80,"column":4},"end":{"line":82,"column":null}},"line":80},"8":{"name":"(anonymous_8)","decl":{"start":{"line":80,"column":4},"end":{"line":80,"column":9}},"loc":{"start":{"line":80,"column":19},"end":{"line":82,"column":5}},"line":80},"9":{"name":"(anonymous_9)","decl":{"start":{"line":84,"column":2},"end":{"line":84,"column":16}},"loc":{"start":{"line":85,"column":4},"end":{"line":91,"column":null}},"line":85},"10":{"name":"(anonymous_10)","decl":{"start":{"line":85,"column":4},"end":{"line":85,"column":9}},"loc":{"start":{"line":85,"column":19},"end":{"line":91,"column":5}},"line":85},"11":{"name":"(anonymous_11)","decl":{"start":{"line":93,"column":2},"end":{"line":93,"column":null}},"loc":{"start":{"line":94,"column":4},"end":{"line":97,"column":null}},"line":94},"12":{"name":"(anonymous_12)","decl":{"start":{"line":94,"column":4},"end":{"line":94,"column":9}},"loc":{"start":{"line":94,"column":19},"end":{"line":97,"column":5}},"line":94}},"branchMap":{"0":{"loc":{"start":{"line":88,"column":6},"end":{"line":90,"column":null}},"type":"if","locations":[{"start":{"line":88,"column":6},"end":{"line":90,"column":null}},{"start":{},"end":{}}],"line":88},"1":{"loc":{"start":{"line":89,"column":28},"end":{"line":89,"column":null}},"type":"binary-expr","locations":[{"start":{"line":89,"column":28},"end":{"line":89,"column":58}},{"start":{"line":89,"column":58},"end":{"line":89,"column":null}}],"line":89}},"s":{"0":25,"1":25,"2":3,"3":3,"4":3,"5":3,"6":38,"7":38,"8":5,"9":5,"10":5,"11":5,"12":5,"13":3,"14":0,"15":0,"16":0},"f":{"0":25,"1":3,"2":3,"3":3,"4":3,"5":38,"6":38,"7":5,"8":5,"9":5,"10":5,"11":0,"12":0},"b":{"0":[3,2],"1":[3,0]},"meta":{"lastBranch":2,"lastFunction":13,"lastStatement":17,"seen":{"s:48:13:98:Infinity":0,"f:48:13:48:Infinity":0,"s:53:14:98:Infinity":1,"f:64:2:64:18":1,"s:65:4:67:Infinity":2,"f:65:4:65:9":2,"s:66:6:66:Infinity":3,"f:69:2:69:23":3,"s:70:4:72:Infinity":4,"f:70:4:70:9":4,"s:71:6:71:Infinity":5,"f:74:2:74:19":5,"s:75:4:77:Infinity":6,"f:75:4:75:9":6,"s:76:6:76:Infinity":7,"f:79:2:79:20":7,"s:80:4:82:Infinity":8,"f:80:4:80:9":8,"s:81:6:81:Infinity":9,"f:84:2:84:16":9,"s:85:4:91:Infinity":10,"f:85:4:85:9":10,"s:86:6:86:Infinity":11,"b:88:6:90:Infinity:undefined:undefined:undefined:undefined":0,"s:88:6:90:Infinity":12,"s:89:8:89:Infinity":13,"b:89:28:89:58:89:58:89:Infinity":1,"f:93:2:93:Infinity":11,"s:94:4:97:Infinity":14,"f:94:4:94:9":12,"s:95:6:95:Infinity":15,"s:96:6:96:Infinity":16}}}
}
